2018-07-05 19:27:59 -Starting BootdoApplication on YR141119-SBPA with PID 5572 (E:\Yum-workplace\oxygen-workplace\bootdo\bootdo\target\classes started by Administrator in E:\Yum-workplace\oxygen-workplace\bootdo\bootdo)
2018-07-05 19:27:59 -Running with Spring Boot v1.5.9.RELEASE, Spring v4.3.13.RELEASE
2018-07-05 19:27:59 -The following profiles are active: dev
2018-07-05 19:28:00 -Refreshing org.springframework.boot.context.embedded.AnnotationConfigEmbeddedWebApplicationContext@576f63f6: startup date [Thu Jul 05 19:28:00 CST 2018]; root of context hierarchy
2018-07-05 19:28:00 -HV000001: Hibernate Validator 5.3.6.Final
2018-07-05 19:28:01 -Multiple Spring Data modules found, entering strict repository configuration mode!
2018-07-05 19:28:02 -Bean 'org.springframework.cache.annotation.ProxyCachingConfiguration' of type [org.springframework.cache.annotation.ProxyCachingConfiguration$$EnhancerBySpringCGLIB$$336372bf] is not eligible for getting processed by all BeanPostProcessors (for example: not eligible for auto-proxying)
2018-07-05 19:28:02 -Bean 'org.springframework.boot.autoconfigure.cache.CacheAutoConfiguration' of type [org.springframework.boot.autoconfigure.cache.CacheAutoConfiguration$$EnhancerBySpringCGLIB$$27d73763] is not eligible for getting processed by all BeanPostProcessors (for example: not eligible for auto-proxying)
2018-07-05 19:28:02 -Bean 'spring.cache-org.springframework.boot.autoconfigure.cache.CacheProperties' of type [org.springframework.boot.autoconfigure.cache.CacheProperties] is not eligible for getting processed by all BeanPostProcessors (for example: not eligible for auto-proxying)
2018-07-05 19:28:02 -Bean 'cacheManagerCustomizers' of type [org.springframework.boot.autoconfigure.cache.CacheManagerCustomizers] is not eligible for getting processed by all BeanPostProcessors (for example: not eligible for auto-proxying)
2018-07-05 19:28:02 -Bean 'org.springframework.boot.autoconfigure.cache.EhCacheCacheConfiguration' of type [org.springframework.boot.autoconfigure.cache.EhCacheCacheConfiguration$$EnhancerBySpringCGLIB$$c2760461] is not eligible for getting processed by all BeanPostProcessors (for example: not eligible for auto-proxying)
2018-07-05 19:28:02 -Bean 'ehCacheCacheManager' of type [net.sf.ehcache.CacheManager] is not eligible for getting processed by all BeanPostProcessors (for example: not eligible for auto-proxying)
2018-07-05 19:28:02 -Bean 'cacheManager' of type [org.springframework.cache.ehcache.EhCacheCacheManager] is not eligible for getting processed by all BeanPostProcessors (for example: not eligible for auto-proxying)
2018-07-05 19:28:02 -Bean 'cacheAutoConfigurationValidator' of type [org.springframework.boot.autoconfigure.cache.CacheAutoConfiguration$CacheManagerValidator] is not eligible for getting processed by all BeanPostProcessors (for example: not eligible for auto-proxying)
2018-07-05 19:28:02 -Bean 'org.springframework.transaction.annotation.ProxyTransactionManagementConfiguration' of type [org.springframework.transaction.annotation.ProxyTransactionManagementConfiguration$$EnhancerBySpringCGLIB$$ea513ca1] is not eligible for getting processed by all BeanPostProcessors (for example: not eligible for auto-proxying)
2018-07-05 19:28:03 -Bean 'shiroConfig' of type [com.anhuay.system.config.ShiroConfig$$EnhancerBySpringCGLIB$$960355d] is not eligible for getting processed by all BeanPostProcessors (for example: not eligible for auto-proxying)
2018-07-05 19:28:03 -Bean 'userRealm' of type [com.anhuay.system.shiro.UserRealm] is not eligible for getting processed by all BeanPostProcessors (for example: not eligible for auto-proxying)
2018-07-05 19:28:03 -No configuration found. Configuring ehcache from ehcache-failsafe.xml  found in the classpath: jar:file:/E:/Yum-workplace/mavenlib/net/sf/ehcache/ehcache-core/2.5.3/ehcache-core-2.5.3.jar!/ehcache-failsafe.xml
2018-07-05 19:28:03 -Bean 'ehCacheManager' of type [org.apache.shiro.cache.ehcache.EhCacheManager] is not eligible for getting processed by all BeanPostProcessors (for example: not eligible for auto-proxying)
2018-07-05 19:28:03 -Cache with name 'com.anhuay.system.shiro.UserRealm.authorizationCache' does not yet exist.  Creating now.
2018-07-05 19:28:03 -Added EhCache named [com.anhuay.system.shiro.UserRealm.authorizationCache]
2018-07-05 19:28:03 -Bean 'sessionDAO' of type [org.apache.shiro.session.mgt.eis.MemorySessionDAO] is not eligible for getting processed by all BeanPostProcessors (for example: not eligible for auto-proxying)
2018-07-05 19:28:03 -Bean 'sessionManager' of type [org.apache.shiro.web.session.mgt.DefaultWebSessionManager] is not eligible for getting processed by all BeanPostProcessors (for example: not eligible for auto-proxying)
2018-07-05 19:28:03 -Bean 'securityManager' of type [org.apache.shiro.web.mgt.DefaultWebSecurityManager] is not eligible for getting processed by all BeanPostProcessors (for example: not eligible for auto-proxying)
2018-07-05 19:28:03 -Bean 'authorizationAttributeSourceAdvisor' of type [org.apache.shiro.spring.security.interceptor.AuthorizationAttributeSourceAdvisor] is not eligible for getting processed by all BeanPostProcessors (for example: not eligible for auto-proxying)
2018-07-05 19:28:03 -Tomcat initialized with port(s): 80 (http)
2018-07-05 19:28:04 -Starting service [Tomcat]
2018-07-05 19:28:04 -Starting Servlet Engine: Apache Tomcat/8.5.23
2018-07-05 19:28:04 -Initializing Spring embedded WebApplicationContext
2018-07-05 19:28:04 -Root WebApplicationContext: initialization completed in 4082 ms
2018-07-05 19:28:04 -Mapping filter: 'characterEncodingFilter' to: [/*]
2018-07-05 19:28:04 -Mapping filter: 'hiddenHttpMethodFilter' to: [/*]
2018-07-05 19:28:04 -Mapping filter: 'httpPutFormContentFilter' to: [/*]
2018-07-05 19:28:04 -Mapping filter: 'requestContextFilter' to: [/*]
2018-07-05 19:28:04 -Mapping filter: 'springSecurityFilterChain' to: [/*]
2018-07-05 19:28:04 -Filter xssFilter was not registered (disabled)
2018-07-05 19:28:04 -Mapping filter: 'webStatFilter' to urls: [/*]
2018-07-05 19:28:04 -Mapping filter: 'shiroFilterFactoryBean' to: [/*]
2018-07-05 19:28:04 -Mapping servlet: 'statViewServlet' to [/druid/*]
2018-07-05 19:28:04 -Mapping servlet: 'dispatcherServlet' to [/]
2018-07-05 19:28:05 -{dataSource-1} inited
2018-07-05 19:28:06 -ApplicationContext registed-->org.springframework.boot.context.embedded.AnnotationConfigEmbeddedWebApplicationContext@576f63f6: startup date [Thu Jul 05 19:28:00 CST 2018]; root of context hierarchy
2018-07-05 19:28:06 -Using default implementation for ThreadExecutor
2018-07-05 19:28:06 -Initialized Scheduler Signaller of type: class org.quartz.core.SchedulerSignalerImpl
2018-07-05 19:28:06 -Quartz Scheduler v.2.2.1 created.
2018-07-05 19:28:06 -RAMJobStore initialized.
2018-07-05 19:28:06 -Scheduler meta-data: Quartz Scheduler (v2.2.1) 'schedulerFactoryBean' with instanceId 'NON_CLUSTERED'
  Scheduler class: 'org.quartz.core.QuartzScheduler' - running locally.
  NOT STARTED.
  Currently in standby mode.
  Number of jobs executed: 0
  Using thread pool 'org.quartz.simpl.SimpleThreadPool' - with 10 threads.
  Using job-store 'org.quartz.simpl.RAMJobStore' - which does not support persistence. and is not clustered.

2018-07-05 19:28:06 -Quartz scheduler 'schedulerFactoryBean' initialized from an externally provided properties instance.
2018-07-05 19:28:06 -Quartz scheduler version: 2.2.1
2018-07-05 19:28:06 -JobFactory set to: com.anhuay.common.quartz.factory.JobFactory@bd28c86
2018-07-05 19:28:07 -Initializing ExecutorService  'clientInboundChannelExecutor'
2018-07-05 19:28:07 -Initializing ExecutorService  'clientOutboundChannelExecutor'
2018-07-05 19:28:08 -Mapped "{[/common/dict/add],methods=[GET]}" onto java.lang.String com.anhuay.common.controller.DictController.add()
2018-07-05 19:28:08 -Mapped "{[/common/dict/remove],methods=[POST]}" onto public com.anhuay.common.utils.R com.anhuay.common.controller.DictController.remove(java.lang.Long)
2018-07-05 19:28:08 -Mapped "{[/common/dict/batchRemove],methods=[POST]}" onto public com.anhuay.common.utils.R com.anhuay.common.controller.DictController.remove(java.lang.Long[])
2018-07-05 19:28:08 -Mapped "{[/common/dict/update]}" onto public com.anhuay.common.utils.R com.anhuay.common.controller.DictController.update(com.anhuay.common.domain.DictDO)
2018-07-05 19:28:08 -Mapped "{[/common/dict/list],methods=[GET]}" onto public com.anhuay.common.utils.PageUtils com.anhuay.common.controller.DictController.list(java.util.Map<java.lang.String, java.lang.Object>)
2018-07-05 19:28:08 -Mapped "{[/common/dict/save],methods=[POST]}" onto public com.anhuay.common.utils.R com.anhuay.common.controller.DictController.save(com.anhuay.common.domain.DictDO)
2018-07-05 19:28:08 -Mapped "{[/common/dict/add/{type}/{description}],methods=[GET]}" onto java.lang.String com.anhuay.common.controller.DictController.addD(org.springframework.ui.Model,java.lang.String,java.lang.String)
2018-07-05 19:28:08 -Mapped "{[/common/dict/edit/{id}],methods=[GET]}" onto java.lang.String com.anhuay.common.controller.DictController.edit(java.lang.Long,org.springframework.ui.Model)
2018-07-05 19:28:08 -Mapped "{[/common/dict/list/{type}],methods=[GET]}" onto public java.util.List<com.anhuay.common.domain.DictDO> com.anhuay.common.controller.DictController.listByType(java.lang.String)
2018-07-05 19:28:08 -Mapped "{[/common/dict/type],methods=[GET]}" onto public java.util.List<com.anhuay.common.domain.DictDO> com.anhuay.common.controller.DictController.listType()
2018-07-05 19:28:08 -Mapped "{[/common/dict],methods=[GET]}" onto java.lang.String com.anhuay.common.controller.DictController.dict()
2018-07-05 19:28:08 -Mapped "{[/common/sysFile/add],methods=[GET]}" onto java.lang.String com.anhuay.common.controller.FileController.add()
2018-07-05 19:28:08 -Mapped "{[/common/sysFile/remove],methods=[POST]}" onto public com.anhuay.common.utils.R com.anhuay.common.controller.FileController.remove(java.lang.Long,javax.servlet.http.HttpServletRequest)
2018-07-05 19:28:08 -Mapped "{[/common/sysFile/batchRemove],methods=[POST]}" onto public com.anhuay.common.utils.R com.anhuay.common.controller.FileController.remove(java.lang.Long[])
2018-07-05 19:28:08 -Mapped "{[/common/sysFile/update]}" onto public com.anhuay.common.utils.R com.anhuay.common.controller.FileController.update(com.anhuay.common.domain.FileDO)
2018-07-05 19:28:08 -Mapped "{[/common/sysFile/list],methods=[GET]}" onto public com.anhuay.common.utils.PageUtils com.anhuay.common.controller.FileController.list(java.util.Map<java.lang.String, java.lang.Object>)
2018-07-05 19:28:08 -Mapped "{[/common/sysFile/save],methods=[POST]}" onto public com.anhuay.common.utils.R com.anhuay.common.controller.FileController.save(com.anhuay.common.domain.FileDO)
2018-07-05 19:28:08 -Mapped "{[/common/sysFile/info/{id}]}" onto public com.anhuay.common.utils.R com.anhuay.common.controller.FileController.info(java.lang.Long)
2018-07-05 19:28:08 -Mapped "{[/common/sysFile/edit],methods=[GET]}" onto java.lang.String com.anhuay.common.controller.FileController.edit(java.lang.Long,org.springframework.ui.Model)
2018-07-05 19:28:08 -Mapped "{[/common/sysFile],methods=[GET]}" onto java.lang.String com.anhuay.common.controller.FileController.sysFile(org.springframework.ui.Model)
2018-07-05 19:28:08 -Mapped "{[/common/sysFile/upload],methods=[POST]}" onto com.anhuay.common.utils.R com.anhuay.common.controller.FileController.upload(org.springframework.web.multipart.MultipartFile,javax.servlet.http.HttpServletRequest)
2018-07-05 19:28:08 -Mapped "{[/common/generator/update],methods=[POST]}" onto com.anhuay.common.utils.R com.anhuay.common.controller.GeneratorController.update(java.util.Map<java.lang.String, java.lang.Object>)
2018-07-05 19:28:08 -Mapped "{[/common/generator/list],methods=[GET]}" onto java.util.List<java.util.Map<java.lang.String, java.lang.Object>> com.anhuay.common.controller.GeneratorController.list()
2018-07-05 19:28:08 -Mapped "{[/common/generator/code/{tableName}]}" onto public void com.anhuay.common.controller.GeneratorController.code(javax.servlet.http.HttpServletRequest,javax.servlet.http.HttpServletResponse,java.lang.String) throws java.io.IOException
2018-07-05 19:28:08 -Mapped "{[/common/generator/edit],methods=[GET]}" onto public java.lang.String com.anhuay.common.controller.GeneratorController.edit(org.springframework.ui.Model)
2018-07-05 19:28:08 -Mapped "{[/common/generator],methods=[GET]}" onto java.lang.String com.anhuay.common.controller.GeneratorController.generator()
2018-07-05 19:28:08 -Mapped "{[/common/generator/batchCode]}" onto public void com.anhuay.common.controller.GeneratorController.batchCode(javax.servlet.http.HttpServletRequest,javax.servlet.http.HttpServletResponse,java.lang.String) throws java.io.IOException
2018-07-05 19:28:08 -Mapped "{[/common/job/add],methods=[GET]}" onto java.lang.String com.anhuay.common.controller.JobController.add()
2018-07-05 19:28:08 -Mapped "{[/common/job/remove],methods=[POST]}" onto public com.anhuay.common.utils.R com.anhuay.common.controller.JobController.remove(java.lang.Long)
2018-07-05 19:28:08 -Mapped "{[/common/job/batchRemove],methods=[POST]}" onto public com.anhuay.common.utils.R com.anhuay.common.controller.JobController.remove(java.lang.Long[])
2018-07-05 19:28:08 -Mapped "{[/common/job/update],methods=[POST]}" onto public com.anhuay.common.utils.R com.anhuay.common.controller.JobController.update(com.anhuay.common.domain.TaskDO)
2018-07-05 19:28:08 -Mapped "{[/common/job/list],methods=[GET]}" onto public com.anhuay.common.utils.PageUtils com.anhuay.common.controller.JobController.list(java.util.Map<java.lang.String, java.lang.Object>)
2018-07-05 19:28:08 -Mapped "{[/common/job/save],methods=[POST]}" onto public com.anhuay.common.utils.R com.anhuay.common.controller.JobController.save(com.anhuay.common.domain.TaskDO)
2018-07-05 19:28:08 -Mapped "{[/common/job/info/{id}]}" onto public com.anhuay.common.utils.R com.anhuay.common.controller.JobController.info(java.lang.Long)
2018-07-05 19:28:08 -Mapped "{[/common/job/edit/{id}],methods=[GET]}" onto java.lang.String com.anhuay.common.controller.JobController.edit(java.lang.Long,org.springframework.ui.Model)
2018-07-05 19:28:08 -Mapped "{[/common/job],methods=[GET]}" onto java.lang.String com.anhuay.common.controller.JobController.taskScheduleJob()
2018-07-05 19:28:08 -Mapped "{[/common/job/changeJobStatus],methods=[POST]}" onto public com.anhuay.common.utils.R com.anhuay.common.controller.JobController.changeJobStatus(java.lang.Long,java.lang.String)
2018-07-05 19:28:08 -Mapped "{[/common/log/remove],methods=[POST]}" onto com.anhuay.common.utils.R com.anhuay.common.controller.LogController.remove(java.lang.Long)
2018-07-05 19:28:08 -Mapped "{[/common/log],methods=[GET]}" onto java.lang.String com.anhuay.common.controller.LogController.log()
2018-07-05 19:28:08 -Mapped "{[/common/log/list],methods=[GET]}" onto com.anhuay.common.domain.PageDO<com.anhuay.common.domain.LogDO> com.anhuay.common.controller.LogController.list(java.util.Map<java.lang.String, java.lang.Object>)
2018-07-05 19:28:08 -Mapped "{[/common/log/batchRemove],methods=[POST]}" onto com.anhuay.common.utils.R com.anhuay.common.controller.LogController.batchRemove(java.lang.Long[])
2018-07-05 19:28:08 -Mapped "{[/error]}" onto public com.anhuay.common.utils.R com.anhuay.common.exception.MainsiteErrorController.handleError(javax.servlet.http.HttpServletRequest,javax.servlet.http.HttpServletResponse)
2018-07-05 19:28:08 -Mapped "{[/error],produces=[text/html]}" onto public org.springframework.web.servlet.ModelAndView com.anhuay.common.exception.MainsiteErrorController.errorHtml(javax.servlet.http.HttpServletRequest,javax.servlet.http.HttpServletResponse)
2018-07-05 19:28:08 -Mapped "{[/oa/notify/add],methods=[GET]}" onto java.lang.String com.anhuay.oa.controller.NotifyController.add()
2018-07-05 19:28:08 -Mapped "{[/oa/notify/remove],methods=[POST]}" onto public com.anhuay.common.utils.R com.anhuay.oa.controller.NotifyController.remove(java.lang.Long)
2018-07-05 19:28:08 -Mapped "{[/oa/notify/batchRemove],methods=[POST]}" onto public com.anhuay.common.utils.R com.anhuay.oa.controller.NotifyController.remove(java.lang.Long[])
2018-07-05 19:28:08 -Mapped "{[/oa/notify/update]}" onto public com.anhuay.common.utils.R com.anhuay.oa.controller.NotifyController.update(com.anhuay.oa.domain.NotifyDO)
2018-07-05 19:28:08 -Mapped "{[/oa/notify/read/{id}],methods=[GET]}" onto java.lang.String com.anhuay.oa.controller.NotifyController.read(java.lang.Long,org.springframework.ui.Model)
2018-07-05 19:28:08 -Mapped "{[/oa/notify/list],methods=[GET]}" onto public com.anhuay.common.utils.PageUtils com.anhuay.oa.controller.NotifyController.list(java.util.Map<java.lang.String, java.lang.Object>)
2018-07-05 19:28:08 -Mapped "{[/oa/notify/save],methods=[POST]}" onto public com.anhuay.common.utils.R com.anhuay.oa.controller.NotifyController.save(com.anhuay.oa.domain.NotifyDO)
2018-07-05 19:28:08 -Mapped "{[/oa/notify/message],methods=[GET]}" onto com.anhuay.common.utils.PageUtils com.anhuay.oa.controller.NotifyController.message()
2018-07-05 19:28:08 -Mapped "{[/oa/notify/edit/{id}],methods=[GET]}" onto java.lang.String com.anhuay.oa.controller.NotifyController.edit(java.lang.Long,org.springframework.ui.Model)
2018-07-05 19:28:08 -Mapped "{[/oa/notify/selfList],methods=[GET]}" onto com.anhuay.common.utils.PageUtils com.anhuay.oa.controller.NotifyController.selfList(java.util.Map<java.lang.String, java.lang.Object>)
2018-07-05 19:28:08 -Mapped "{[/oa/notify/selfNotify],methods=[GET]}" onto java.lang.String com.anhuay.oa.controller.NotifyController.selefNotify()
2018-07-05 19:28:08 -Mapped "{[/oa/notify],methods=[GET]}" onto java.lang.String com.anhuay.oa.controller.NotifyController.oaNotify()
2018-07-05 19:28:08 -Mapped "{[/system/sysDept/add/{pId}],methods=[GET]}" onto java.lang.String com.anhuay.system.controller.DeptController.add(java.lang.Long,org.springframework.ui.Model)
2018-07-05 19:28:08 -Mapped "{[/system/sysDept/remove],methods=[POST]}" onto public com.anhuay.common.utils.R com.anhuay.system.controller.DeptController.remove(java.lang.Long)
2018-07-05 19:28:08 -Mapped "{[/system/sysDept/batchRemove],methods=[POST]}" onto public com.anhuay.common.utils.R com.anhuay.system.controller.DeptController.remove(java.lang.Long[])
2018-07-05 19:28:08 -Mapped "{[/system/sysDept/update]}" onto public com.anhuay.common.utils.R com.anhuay.system.controller.DeptController.update(com.anhuay.system.domain.DeptDO)
2018-07-05 19:28:08 -Mapped "{[/system/sysDept/list],methods=[GET]}" onto public java.util.List<com.anhuay.system.domain.DeptDO> com.anhuay.system.controller.DeptController.list()
2018-07-05 19:28:08 -Mapped "{[/system/sysDept/save],methods=[POST]}" onto public com.anhuay.common.utils.R com.anhuay.system.controller.DeptController.save(com.anhuay.system.domain.DeptDO)
2018-07-05 19:28:08 -Mapped "{[/system/sysDept/tree],methods=[GET]}" onto public com.anhuay.common.domain.Tree<com.anhuay.system.domain.DeptDO> com.anhuay.system.controller.DeptController.tree()
2018-07-05 19:28:08 -Mapped "{[/system/sysDept/edit/{deptId}],methods=[GET]}" onto java.lang.String com.anhuay.system.controller.DeptController.edit(java.lang.Long,org.springframework.ui.Model)
2018-07-05 19:28:08 -Mapped "{[/system/sysDept],methods=[GET]}" onto java.lang.String com.anhuay.system.controller.DeptController.dept()
2018-07-05 19:28:08 -Mapped "{[/system/sysDept/treeView],methods=[GET]}" onto java.lang.String com.anhuay.system.controller.DeptController.treeView()
2018-07-05 19:28:08 -Mapped "{[/index],methods=[GET]}" onto java.lang.String com.anhuay.system.controller.LoginController.index(org.springframework.ui.Model)
2018-07-05 19:28:08 -Mapped "{[/main],methods=[GET]}" onto java.lang.String com.anhuay.system.controller.LoginController.main()
2018-07-05 19:28:08 -Mapped "{[/ || ],methods=[GET]}" onto java.lang.String com.anhuay.system.controller.LoginController.welcome(org.springframework.ui.Model)
2018-07-05 19:28:08 -Mapped "{[/login],methods=[POST]}" onto com.anhuay.common.utils.R com.anhuay.system.controller.LoginController.ajaxLogin(java.lang.String,java.lang.String)
2018-07-05 19:28:08 -Mapped "{[/logout],methods=[GET]}" onto java.lang.String com.anhuay.system.controller.LoginController.logout()
2018-07-05 19:28:08 -Mapped "{[/login],methods=[GET]}" onto java.lang.String com.anhuay.system.controller.LoginController.login()
2018-07-05 19:28:08 -Mapped "{[/sys/menu/add/{pId}],methods=[GET]}" onto java.lang.String com.anhuay.system.controller.MenuController.add(org.springframework.ui.Model,java.lang.Long)
2018-07-05 19:28:08 -Mapped "{[/sys/menu/remove],methods=[POST]}" onto com.anhuay.common.utils.R com.anhuay.system.controller.MenuController.remove(java.lang.Long)
2018-07-05 19:28:08 -Mapped "{[/sys/menu/update],methods=[POST]}" onto com.anhuay.common.utils.R com.anhuay.system.controller.MenuController.update(com.anhuay.system.domain.MenuDO)
2018-07-05 19:28:08 -Mapped "{[/sys/menu/list]}" onto java.util.List<com.anhuay.system.domain.MenuDO> com.anhuay.system.controller.MenuController.list(java.util.Map<java.lang.String, java.lang.Object>)
2018-07-05 19:28:08 -Mapped "{[/sys/menu/save],methods=[POST]}" onto com.anhuay.common.utils.R com.anhuay.system.controller.MenuController.save(com.anhuay.system.domain.MenuDO)
2018-07-05 19:28:08 -Mapped "{[/sys/menu/tree/{roleId}],methods=[GET]}" onto com.anhuay.common.domain.Tree<com.anhuay.system.domain.MenuDO> com.anhuay.system.controller.MenuController.tree(java.lang.Long)
2018-07-05 19:28:08 -Mapped "{[/sys/menu/tree],methods=[GET]}" onto com.anhuay.common.domain.Tree<com.anhuay.system.domain.MenuDO> com.anhuay.system.controller.MenuController.tree()
2018-07-05 19:28:08 -Mapped "{[/sys/menu/edit/{id}],methods=[GET]}" onto java.lang.String com.anhuay.system.controller.MenuController.edit(org.springframework.ui.Model,java.lang.Long)
2018-07-05 19:28:08 -Mapped "{[/sys/menu],methods=[GET]}" onto java.lang.String com.anhuay.system.controller.MenuController.menu(org.springframework.ui.Model)
2018-07-05 19:28:08 -Mapped "{[/sys/role/add],methods=[GET]}" onto java.lang.String com.anhuay.system.controller.RoleController.add()
2018-07-05 19:28:08 -Mapped "{[/sys/role/update],methods=[POST]}" onto com.anhuay.common.utils.R com.anhuay.system.controller.RoleController.update(com.anhuay.system.domain.RoleDO)
2018-07-05 19:28:08 -Mapped "{[/sys/role/list],methods=[GET]}" onto java.util.List<com.anhuay.system.domain.RoleDO> com.anhuay.system.controller.RoleController.list()
2018-07-05 19:28:08 -Mapped "{[/sys/role/remove],methods=[POST]}" onto com.anhuay.common.utils.R com.anhuay.system.controller.RoleController.save(java.lang.Long)
2018-07-05 19:28:08 -Mapped "{[/sys/role/save],methods=[POST]}" onto com.anhuay.common.utils.R com.anhuay.system.controller.RoleController.save(com.anhuay.system.domain.RoleDO)
2018-07-05 19:28:08 -Mapped "{[/sys/role/batchRemove],methods=[POST]}" onto com.anhuay.common.utils.R com.anhuay.system.controller.RoleController.batchRemove(java.lang.Long[])
2018-07-05 19:28:08 -Mapped "{[/sys/role/edit/{id}],methods=[GET]}" onto java.lang.String com.anhuay.system.controller.RoleController.edit(java.lang.Long,org.springframework.ui.Model)
2018-07-05 19:28:08 -Mapped "{[/sys/role],methods=[GET]}" onto java.lang.String com.anhuay.system.controller.RoleController.role()
2018-07-05 19:28:08 -Mapped "{[/sys/online/list]}" onto public java.util.List<com.anhuay.system.domain.UserOnline> com.anhuay.system.controller.SessionController.list()
2018-07-05 19:28:08 -Mapped "{[/sys/online/forceLogout/{sessionId}]}" onto public com.anhuay.common.utils.R com.anhuay.system.controller.SessionController.forceLogout(java.lang.String,org.springframework.web.servlet.mvc.support.RedirectAttributes)
2018-07-05 19:28:08 -Mapped "{[/sys/online/sessionList]}" onto public java.util.Collection<org.apache.shiro.session.Session> com.anhuay.system.controller.SessionController.sessionList()
2018-07-05 19:28:08 -Mapped "{[/sys/online],methods=[GET]}" onto public java.lang.String com.anhuay.system.controller.SessionController.online()
2018-07-05 19:28:08 -Mapped "{[/sys/user/exit],methods=[POST]}" onto boolean com.anhuay.system.controller.UserController.exit(java.util.Map<java.lang.String, java.lang.Object>)
2018-07-05 19:28:08 -Mapped "{[/sys/user/add],methods=[GET]}" onto java.lang.String com.anhuay.system.controller.UserController.add(org.springframework.ui.Model)
2018-07-05 19:28:08 -Mapped "{[/sys/user/remove],methods=[POST]}" onto com.anhuay.common.utils.R com.anhuay.system.controller.UserController.remove(java.lang.Long)
2018-07-05 19:28:08 -Mapped "{[/sys/user/update],methods=[POST]}" onto com.anhuay.common.utils.R com.anhuay.system.controller.UserController.update(com.anhuay.system.domain.UserDO)
2018-07-05 19:28:08 -Mapped "{[/sys/user/list],methods=[GET]}" onto com.anhuay.common.utils.PageUtils com.anhuay.system.controller.UserController.list(java.util.Map<java.lang.String, java.lang.Object>)
2018-07-05 19:28:08 -Mapped "{[/sys/user/save],methods=[POST]}" onto com.anhuay.common.utils.R com.anhuay.system.controller.UserController.save(com.anhuay.system.domain.UserDO)
2018-07-05 19:28:08 -Mapped "{[/sys/user/batchRemove],methods=[POST]}" onto com.anhuay.common.utils.R com.anhuay.system.controller.UserController.batchRemove(java.lang.Long[])
2018-07-05 19:28:08 -Mapped "{[/sys/user/tree],methods=[GET]}" onto public com.anhuay.common.domain.Tree<com.anhuay.system.domain.DeptDO> com.anhuay.system.controller.UserController.tree()
2018-07-05 19:28:08 -Mapped "{[/sys/user/edit/{id}],methods=[GET]}" onto java.lang.String com.anhuay.system.controller.UserController.edit(org.springframework.ui.Model,java.lang.Long)
2018-07-05 19:28:08 -Mapped "{[/sys/user],methods=[GET]}" onto java.lang.String com.anhuay.system.controller.UserController.user(org.springframework.ui.Model)
2018-07-05 19:28:08 -Mapped "{[/sys/user/personal],methods=[GET]}" onto java.lang.String com.anhuay.system.controller.UserController.personal(org.springframework.ui.Model)
2018-07-05 19:28:08 -Mapped "{[/sys/user/uploadImg],methods=[POST]}" onto com.anhuay.common.utils.R com.anhuay.system.controller.UserController.uploadImg(org.springframework.web.multipart.MultipartFile,java.lang.String,javax.servlet.http.HttpServletRequest)
2018-07-05 19:28:08 -Mapped "{[/sys/user/resetPwd],methods=[POST]}" onto com.anhuay.common.utils.R com.anhuay.system.controller.UserController.resetPwd(com.anhuay.system.vo.UserVO)
2018-07-05 19:28:08 -Mapped "{[/sys/user/resetPwd/{id}],methods=[GET]}" onto java.lang.String com.anhuay.system.controller.UserController.resetPwd(java.lang.Long,org.springframework.ui.Model)
2018-07-05 19:28:08 -Mapped "{[/sys/user/updatePeronal],methods=[POST]}" onto com.anhuay.common.utils.R com.anhuay.system.controller.UserController.updatePeronal(com.anhuay.system.domain.UserDO)
2018-07-05 19:28:08 -Mapped "{[/sys/user/adminResetPwd],methods=[POST]}" onto com.anhuay.common.utils.R com.anhuay.system.controller.UserController.adminResetPwd(com.anhuay.system.vo.UserVO)
2018-07-05 19:28:08 -Mapped "{[/sys/user/treeView],methods=[GET]}" onto java.lang.String com.anhuay.system.controller.UserController.treeView()
2018-07-05 19:28:08 -Mapped "{[/v2/api-docs],methods=[GET],produces=[application/json || application/hal+json]}" onto public org.springframework.http.ResponseEntity<springfox.documentation.spring.web.json.Json> springfox.documentation.swagger2.web.Swagger2Controller.getDocumentation(java.lang.String,javax.servlet.http.HttpServletRequest)
2018-07-05 19:28:08 -Mapped "{[/swagger-resources/configuration/ui]}" onto org.springframework.http.ResponseEntity<springfox.documentation.swagger.web.UiConfiguration> springfox.documentation.swagger.web.ApiResourceController.uiConfiguration()
2018-07-05 19:28:08 -Mapped "{[/swagger-resources]}" onto org.springframework.http.ResponseEntity<java.util.List<springfox.documentation.swagger.web.SwaggerResource>> springfox.documentation.swagger.web.ApiResourceController.swaggerResources()
2018-07-05 19:28:08 -Mapped "{[/swagger-resources/configuration/security]}" onto org.springframework.http.ResponseEntity<springfox.documentation.swagger.web.SecurityConfiguration> springfox.documentation.swagger.web.ApiResourceController.securityConfiguration()
2018-07-05 19:28:09 -Initializing ExecutorService  'messageBrokerTaskScheduler'
2018-07-05 19:28:09 -Mapped URL path [/endpointChat/**] onto handler of type [class org.springframework.web.socket.sockjs.support.SockJsHttpRequestHandler]
2018-07-05 19:28:09 -Initializing ExecutorService  'brokerChannelExecutor'
2018-07-05 19:28:09 -Looking for @ControllerAdvice: org.springframework.boot.context.embedded.AnnotationConfigEmbeddedWebApplicationContext@576f63f6: startup date [Thu Jul 05 19:28:00 CST 2018]; root of context hierarchy
2018-07-05 19:28:09 -Mapped URL path [/files/**] onto handler of type [class org.springframework.web.servlet.resource.ResourceHttpRequestHandler]
2018-07-05 19:28:09 -Mapped URL path [/webjars/**] onto handler of type [class org.springframework.web.servlet.resource.ResourceHttpRequestHandler]
2018-07-05 19:28:09 -Mapped URL path [/**] onto handler of type [class org.springframework.web.servlet.resource.ResourceHttpRequestHandler]
2018-07-05 19:28:10 -Detected @ExceptionHandler methods in BDExceptionHandler
2018-07-05 19:28:10 -Mapped URL path [/**/favicon.ico] onto handler of type [class org.springframework.web.servlet.resource.ResourceHttpRequestHandler]
2018-07-05 19:28:11 -

Using default security password: 444e3193-7bd1-475f-af71-89ae45fa62dd

2018-07-05 19:28:11 -Creating filter chain: OrRequestMatcher [requestMatchers=[Ant [pattern='/css/**'], Ant [pattern='/js/**'], Ant [pattern='/images/**'], Ant [pattern='/webjars/**'], Ant [pattern='/**/favicon.ico'], Ant [pattern='/error']]], []
2018-07-05 19:28:11 -Creating filter chain: org.springframework.boot.autoconfigure.security.SpringBootWebSecurityConfiguration$ApplicationNoWebSecurityConfigurerAdapter$1@78e59b04, [org.springframework.security.web.context.request.async.WebAsyncManagerIntegrationFilter@2e6f1f48, org.springframework.security.web.context.SecurityContextPersistenceFilter@2e564c78, org.springframework.security.web.header.HeaderWriterFilter@1c24639e, org.springframework.security.web.csrf.CsrfFilter@47ab3688, org.springframework.security.web.authentication.logout.LogoutFilter@748fa354, org.springframework.security.web.savedrequest.RequestCacheAwareFilter@80b6098, org.springframework.security.web.servletapi.SecurityContextHolderAwareRequestFilter@66df362c, org.springframework.security.web.authentication.AnonymousAuthenticationFilter@5ed88e31, org.springframework.security.web.session.SessionManagementFilter@22fe90df, org.springframework.security.web.access.ExceptionTranslationFilter@5b49b1df]
2018-07-05 19:28:12 -Registering beans for JMX exposure on startup
2018-07-05 19:28:12 -Bean with name 'dataSource' has been autodetected for JMX exposure
2018-07-05 19:28:12 -Located MBean 'dataSource': registering with JMX server as MBean [com.alibaba.druid.pool:name=dataSource,type=DruidDataSource]
2018-07-05 19:28:12 -Starting beans in phase 2147483647
2018-07-05 19:28:12 -Context refreshed
2018-07-05 19:28:12 -Found 1 custom documentation plugin(s)
2018-07-05 19:28:12 -Scanning for api listing references
2018-07-05 19:28:12 -Generating unique operation named: removeUsingPOST_1
2018-07-05 19:28:12 -Generating unique operation named: addUsingGET_1
2018-07-05 19:28:12 -Generating unique operation named: editUsingGET_1
2018-07-05 19:28:12 -Generating unique operation named: listUsingGET_1
2018-07-05 19:28:12 -Generating unique operation named: removeUsingPOST_2
2018-07-05 19:28:12 -Generating unique operation named: removeUsingPOST_3
2018-07-05 19:28:12 -Generating unique operation named: saveUsingPOST_1
2018-07-05 19:28:12 -Generating unique operation named: updateUsingGET_1
2018-07-05 19:28:12 -Generating unique operation named: updateUsingHEAD_1
2018-07-05 19:28:12 -Generating unique operation named: updateUsingPOST_1
2018-07-05 19:28:12 -Generating unique operation named: updateUsingPUT_1
2018-07-05 19:28:12 -Generating unique operation named: updateUsingPATCH_1
2018-07-05 19:28:12 -Generating unique operation named: updateUsingDELETE_1
2018-07-05 19:28:12 -Generating unique operation named: updateUsingOPTIONS_1
2018-07-05 19:28:12 -Generating unique operation named: updateUsingTRACE_1
2018-07-05 19:28:12 -Generating unique operation named: addUsingGET_2
2018-07-05 19:28:12 -Generating unique operation named: editUsingGET_2
2018-07-05 19:28:12 -Generating unique operation named: listUsingGET_2
2018-07-05 19:28:12 -Generating unique operation named: removeUsingPOST_4
2018-07-05 19:28:12 -Generating unique operation named: removeUsingPOST_5
2018-07-05 19:28:12 -Generating unique operation named: saveUsingPOST_2
2018-07-05 19:28:12 -Generating unique operation named: updateUsingGET_2
2018-07-05 19:28:12 -Generating unique operation named: updateUsingHEAD_2
2018-07-05 19:28:12 -Generating unique operation named: updateUsingPOST_2
2018-07-05 19:28:13 -Generating unique operation named: updateUsingPUT_2
2018-07-05 19:28:13 -Generating unique operation named: updateUsingPATCH_2
2018-07-05 19:28:13 -Generating unique operation named: updateUsingDELETE_2
2018-07-05 19:28:13 -Generating unique operation named: updateUsingOPTIONS_2
2018-07-05 19:28:13 -Generating unique operation named: updateUsingTRACE_2
2018-07-05 19:28:13 -Generating unique operation named: editUsingGET_3
2018-07-05 19:28:13 -Generating unique operation named: listUsingGET_3
2018-07-05 19:28:13 -Generating unique operation named: updateUsingPOST_3
2018-07-05 19:28:13 -Generating unique operation named: addUsingGET_3
2018-07-05 19:28:13 -Generating unique operation named: editUsingGET_4
2018-07-05 19:28:13 -Generating unique operation named: infoUsingGET_1
2018-07-05 19:28:13 -Generating unique operation named: infoUsingHEAD_1
2018-07-05 19:28:13 -Generating unique operation named: infoUsingPOST_1
2018-07-05 19:28:13 -Generating unique operation named: infoUsingPUT_1
2018-07-05 19:28:13 -Generating unique operation named: infoUsingPATCH_1
2018-07-05 19:28:13 -Generating unique operation named: infoUsingDELETE_1
2018-07-05 19:28:13 -Generating unique operation named: infoUsingOPTIONS_1
2018-07-05 19:28:13 -Generating unique operation named: infoUsingTRACE_1
2018-07-05 19:28:13 -Generating unique operation named: listUsingGET_4
2018-07-05 19:28:13 -Generating unique operation named: removeUsingPOST_6
2018-07-05 19:28:13 -Generating unique operation named: removeUsingPOST_7
2018-07-05 19:28:13 -Generating unique operation named: saveUsingPOST_3
2018-07-05 19:28:13 -Generating unique operation named: updateUsingPOST_4
2018-07-05 19:28:13 -Generating unique operation named: listUsingGET_5
2018-07-05 19:28:13 -Generating unique operation named: removeUsingPOST_8
2018-07-05 19:28:13 -Generating unique operation named: welcomeUsingGET_1
2018-07-05 19:28:13 -Generating unique operation named: addUsingGET_4
2018-07-05 19:28:13 -Generating unique operation named: editUsingGET_5
2018-07-05 19:28:13 -Generating unique operation named: listUsingGET_6
2018-07-05 19:28:13 -Generating unique operation named: removeUsingPOST_9
2018-07-05 19:28:13 -Generating unique operation named: saveUsingPOST_4
2018-07-05 19:28:13 -Generating unique operation named: treeUsingGET_1
2018-07-05 19:28:13 -Generating unique operation named: treeUsingGET_2
2018-07-05 19:28:13 -Generating unique operation named: updateUsingPOST_5
2018-07-05 19:28:13 -Generating unique operation named: addUsingGET_5
2018-07-05 19:28:13 -Generating unique operation named: editUsingGET_6
2018-07-05 19:28:13 -Generating unique operation named: listUsingGET_7
2018-07-05 19:28:13 -Generating unique operation named: removeUsingPOST_10
2018-07-05 19:28:13 -Generating unique operation named: removeUsingPOST_11
2018-07-05 19:28:13 -Generating unique operation named: saveUsingPOST_5
2018-07-05 19:28:13 -Generating unique operation named: updateUsingGET_3
2018-07-05 19:28:13 -Generating unique operation named: updateUsingHEAD_3
2018-07-05 19:28:13 -Generating unique operation named: updateUsingPOST_6
2018-07-05 19:28:13 -Generating unique operation named: updateUsingPUT_3
2018-07-05 19:28:13 -Generating unique operation named: updateUsingPATCH_3
2018-07-05 19:28:13 -Generating unique operation named: updateUsingDELETE_3
2018-07-05 19:28:13 -Generating unique operation named: updateUsingOPTIONS_3
2018-07-05 19:28:13 -Generating unique operation named: updateUsingTRACE_3
2018-07-05 19:28:13 -Generating unique operation named: addUsingGET_6
2018-07-05 19:28:13 -Generating unique operation named: batchRemoveUsingPOST_1
2018-07-05 19:28:13 -Generating unique operation named: editUsingGET_7
2018-07-05 19:28:13 -Generating unique operation named: listUsingGET_8
2018-07-05 19:28:13 -Generating unique operation named: saveUsingPOST_6
2018-07-05 19:28:13 -Generating unique operation named: saveUsingPOST_7
2018-07-05 19:28:13 -Generating unique operation named: updateUsingPOST_7
2018-07-05 19:28:13 -Generating unique operation named: listUsingGET_9
2018-07-05 19:28:13 -Generating unique operation named: listUsingHEAD_1
2018-07-05 19:28:13 -Generating unique operation named: listUsingPOST_1
2018-07-05 19:28:13 -Generating unique operation named: listUsingPUT_1
2018-07-05 19:28:13 -Generating unique operation named: listUsingPATCH_1
2018-07-05 19:28:13 -Generating unique operation named: listUsingDELETE_1
2018-07-05 19:28:13 -Generating unique operation named: listUsingOPTIONS_1
2018-07-05 19:28:13 -Generating unique operation named: listUsingTRACE_1
2018-07-05 19:28:13 -Generating unique operation named: addUsingGET_7
2018-07-05 19:28:13 -Generating unique operation named: batchRemoveUsingPOST_2
2018-07-05 19:28:13 -Generating unique operation named: editUsingGET_8
2018-07-05 19:28:13 -Generating unique operation named: listUsingGET_10
2018-07-05 19:28:13 -Generating unique operation named: removeUsingPOST_12
2018-07-05 19:28:13 -Generating unique operation named: saveUsingPOST_8
2018-07-05 19:28:13 -Generating unique operation named: treeUsingGET_3
2018-07-05 19:28:13 -Generating unique operation named: treeViewUsingGET_1
2018-07-05 19:28:13 -Generating unique operation named: updateUsingPOST_8
2018-07-05 19:28:13 -Starting Quartz Scheduler now
2018-07-05 19:28:13 -Scheduler schedulerFactoryBean_$_NON_CLUSTERED started.
2018-07-05 19:28:13 -Starting...
2018-07-05 19:28:13 -BrokerAvailabilityEvent[available=true, SimpleBrokerMessageHandler [DefaultSubscriptionRegistry[cache[0 destination(s)], registry[0 sessions]]]]
2018-07-05 19:28:13 -Started.
2018-07-05 19:28:13 -Initializing ProtocolHandler ["http-nio-80"]
2018-07-05 19:28:13 -Starting ProtocolHandler ["http-nio-80"]
2018-07-05 19:28:13 -Using a shared selector for servlet write/read
2018-07-05 19:28:13 -Tomcat started on port(s): 80 (http)
2018-07-05 19:28:13 -==>  Preparing: select `id`,`cron_expression`,`method_name`,`is_concurrent`,`description`,`update_by`,`bean_class`,`create_date`,`job_status`,`job_group`,`update_date`,`create_by`,`spring_bean`,`job_name` from sys_task order by id desc 
2018-07-05 19:28:14 -==> Parameters: 
2018-07-05 19:28:14 -<==      Total: 1
2018-07-05 19:28:14 -Started BootdoApplication in 14.887 seconds (JVM running for 15.387)
2018-07-05 19:28:33 -Initializing Spring FrameworkServlet 'dispatcherServlet'
2018-07-05 19:28:33 -FrameworkServlet 'dispatcherServlet': initialization started
2018-07-05 19:28:33 -FrameworkServlet 'dispatcherServlet': initialization completed in 43 ms
2018-07-05 19:28:33 -Enabling session validation scheduler...
2018-07-05 19:28:33 -请求地址 : http://localhost/login;JSESSIONID=584a5d83-9d56-495f-b987-6762d050ae8f
2018-07-05 19:28:33 -HTTP METHOD : GET
2018-07-05 19:28:33 -CLASS_METHOD : com.anhuay.system.controller.LoginController.login
2018-07-05 19:28:33 -参数 : []
2018-07-05 19:28:33 -耗时 : 2
2018-07-05 19:28:33 -返回值 : login
2018-07-05 19:28:33 -[THYMELEAF] INITIALIZING TEMPLATE ENGINE
2018-07-05 19:28:33 -[THYMELEAF] INITIALIZING TEMPLATE RESOLVER: org.thymeleaf.spring4.templateresolver.SpringResourceTemplateResolver
2018-07-05 19:28:33 -[THYMELEAF] TEMPLATE RESOLVER INITIALIZED OK
2018-07-05 19:28:33 -[THYMELEAF] INITIALIZING MESSAGE RESOLVER: org.thymeleaf.spring4.messageresolver.SpringMessageResolver
2018-07-05 19:28:33 -[THYMELEAF] MESSAGE RESOLVER INITIALIZED OK
2018-07-05 19:28:33 -[THYMELEAF] TEMPLATE ENGINE CONFIGURATION:
[THYMELEAF] * Cache Factory implementation: org.thymeleaf.cache.StandardCacheManager
[THYMELEAF] * Template modes:
[THYMELEAF]     * LEGACYHTML5
[THYMELEAF]     * XML
[THYMELEAF]     * HTML5
[THYMELEAF]     * VALIDXML
[THYMELEAF]     * VALIDXHTML
[THYMELEAF]     * XHTML
[THYMELEAF] * Template resolvers (in order):
[THYMELEAF]     * org.thymeleaf.spring4.templateresolver.SpringResourceTemplateResolver
[THYMELEAF] * Message resolvers (in order):
[THYMELEAF]     * org.thymeleaf.spring4.messageresolver.SpringMessageResolver
[THYMELEAF] * Dialect [1 of 3]: org.thymeleaf.spring4.dialect.SpringStandardDialect
[THYMELEAF]     * Prefix: "th"
[THYMELEAF] * Dialect [2 of 3]: at.pollux.thymeleaf.shiro.dialect.ShiroDialect
[THYMELEAF]     * Prefix: "shiro"
[THYMELEAF] * Dialect [3 of 3]: nz.net.ultraq.thymeleaf.LayoutDialect
[THYMELEAF]     * Prefix: "layout"
[THYMELEAF] TEMPLATE ENGINE CONFIGURED OK
2018-07-05 19:28:33 -[THYMELEAF] TEMPLATE ENGINE INITIALIZED
2018-07-05 19:28:36 -==>  Preparing: select `user_id`,`username`,`name`,`password`,`dept_id`,`email`,`mobile`,`status`,`user_id_create`,`gmt_create`,`gmt_modified`,`sex`,`birth`,`pic_id`,`live_address`,`hobby`,`province`,`city`,`district` from sys_user WHERE username = ? order by user_id desc 
2018-07-05 19:28:36 -==> Parameters: admin(String)
2018-07-05 19:28:36 -<==      Total: 1
2018-07-05 19:28:36 -请求地址 : http://localhost/login
2018-07-05 19:28:36 -HTTP METHOD : POST
2018-07-05 19:28:36 -CLASS_METHOD : com.anhuay.system.controller.LoginController.ajaxLogin
2018-07-05 19:28:36 -参数 : [admin, 111111]
2018-07-05 19:28:36 -==>  Preparing: select `user_id`,`username`,`name`,`password`,`dept_id`,`email`,`mobile`,`status`,`user_id_create`,`gmt_create`,`gmt_modified`,`sex`,`birth`,`pic_id`,`live_address`,`hobby`,`province`,`city`,`district` from sys_user WHERE username = ? order by user_id desc 
2018-07-05 19:28:36 -==> Parameters: admin(String)
2018-07-05 19:28:36 -<==      Total: 1
2018-07-05 19:28:36 -耗时 : 11
2018-07-05 19:28:36 -返回值 : {msg=操作成功, code=0}
2018-07-05 19:28:36 -More than one TaskExecutor bean found within the context, and none is named 'taskExecutor'. Mark one of them as primary or name it 'taskExecutor' (possibly as an alias) in order to use it for async processing: [clientInboundChannelExecutor, clientOutboundChannelExecutor, brokerChannelExecutor, messageBrokerTaskScheduler]
2018-07-05 19:28:36 -==>  Preparing: insert into sys_log ( `user_id`, `username`, `operation`, `time`, `method`, `params`, `ip`, `gmt_create` ) values ( ?, ?, ?, ?, ?, ?, ?, ? ) 
2018-07-05 19:28:36 -==> Parameters: 1(Long), admin(String), 登录(String), 11(Integer), com.anhuay.system.controller.LoginController.ajaxLogin()(String), null, 127.0.0.1(String), 2018-07-05 19:28:36.491(Timestamp)
2018-07-05 19:28:36 -请求地址 : http://localhost/index
2018-07-05 19:28:36 -HTTP METHOD : GET
2018-07-05 19:28:36 -CLASS_METHOD : com.anhuay.system.controller.LoginController.index
2018-07-05 19:28:36 -参数 : [{}]
2018-07-05 19:28:36 -==>  Preparing: select distinct m.menu_id , parent_id, name, url, perms,`type`,icon,order_num,gmt_create, gmt_modified from sys_menu m left join sys_role_menu rm on m.menu_id = rm.menu_id left join sys_user_role ur on rm.role_id =ur.role_id where ur.user_id = ? and m.type in(0,1) order by m.order_num 
2018-07-05 19:28:36 -<==    Updates: 1
2018-07-05 19:28:36 -==> Parameters: 1(Long)
2018-07-05 19:28:36 -<==      Total: 27
2018-07-05 19:28:36 -==>  Preparing: select `id`,`type`,`url`,`create_date` from sys_file where id = ? 
2018-07-05 19:28:36 -==> Parameters: 138(Long)
2018-07-05 19:28:36 -<==      Total: 0
2018-07-05 19:28:36 -耗时 : 72
2018-07-05 19:28:36 -返回值 : index_v1
2018-07-05 19:28:36 -==>  Preparing: insert into sys_log ( `user_id`, `username`, `operation`, `time`, `method`, `params`, `ip`, `gmt_create` ) values ( ?, ?, ?, ?, ?, ?, ?, ? ) 
2018-07-05 19:28:36 -==> Parameters: 1(Long), admin(String), 请求访问主页(String), 73(Integer), com.anhuay.system.controller.LoginController.index()(String), null, 127.0.0.1(String), 2018-07-05 19:28:36.67(Timestamp)
2018-07-05 19:28:36 -<==    Updates: 1
2018-07-05 19:28:36 -请求地址 : http://localhost/main
2018-07-05 19:28:36 -HTTP METHOD : GET
2018-07-05 19:28:36 -CLASS_METHOD : com.anhuay.system.controller.LoginController.main
2018-07-05 19:28:36 -参数 : []
2018-07-05 19:28:36 -耗时 : 0
2018-07-05 19:28:36 -返回值 : main
2018-07-05 19:28:37 -请求地址 : http://localhost/oa/notify/message
2018-07-05 19:28:37 -HTTP METHOD : GET
2018-07-05 19:28:37 -CLASS_METHOD : com.anhuay.oa.controller.NotifyController.message
2018-07-05 19:28:37 -参数 : []
2018-07-05 19:28:37 -==>  Preparing: select DISTINCT n.id ,`type`,`title`,`content`,`files`,r.is_read,`status`,`create_by`,`create_date`,`update_by`,`update_date`,`remarks`,`del_flag` from oa_notify_record r right JOIN oa_notify n on r.notify_id = n.id WHERE r.is_read = ? and r.user_id = ? order by is_read ASC, update_date DESC limit ?, ? 
2018-07-05 19:28:37 -==> Parameters: 0(String), 1(Long), 0(Integer), 3(Integer)
2018-07-05 19:28:37 -请求地址 : http://localhost/main
2018-07-05 19:28:37 -HTTP METHOD : GET
2018-07-05 19:28:37 -CLASS_METHOD : com.anhuay.system.controller.LoginController.main
2018-07-05 19:28:37 -参数 : []
2018-07-05 19:28:37 -耗时 : 0
2018-07-05 19:28:37 -返回值 : main
2018-07-05 19:28:37 -<==      Total: 1
2018-07-05 19:28:37 -==>  Preparing: select `user_id`,`username`,`name`,`password`,`dept_id`,`email`,`mobile`,`status`,`user_id_create`,`gmt_create`,`gmt_modified`,`sex`,`birth`,`pic_id`,`live_address`,`hobby`,`province`,`city`,`district` from sys_user where user_id = ? 
2018-07-05 19:28:37 -==> Parameters: 1(Long)
2018-07-05 19:28:37 -<==      Total: 1
2018-07-05 19:28:37 -==>  Preparing: select count(*) from oa_notify_record r right JOIN oa_notify n on r.notify_id = n.id where r.user_id =? and r.is_read = ? 
2018-07-05 19:28:37 -==> Parameters: 1(Long), 0(String)
2018-07-05 19:28:37 -<==      Total: 1
2018-07-05 19:28:37 -耗时 : 78
2018-07-05 19:28:37 -返回值 : com.anhuay.common.utils.PageUtils@22827bc4
2018-07-05 19:28:44 -请求地址 : http://localhost/main
2018-07-05 19:28:44 -HTTP METHOD : GET
2018-07-05 19:28:44 -CLASS_METHOD : com.anhuay.system.controller.LoginController.main
2018-07-05 19:28:44 -参数 : []
2018-07-05 19:28:44 -耗时 : 0
2018-07-05 19:28:44 -返回值 : main
2018-07-05 19:28:46 -==>  Preparing: select distinct m.perms from sys_menu m left join sys_role_menu rm on m.menu_id = rm.menu_id left join sys_user_role ur on rm.role_id = ur.role_id where ur.user_id = ? 
2018-07-05 19:28:46 -==> Parameters: 1(Long)
2018-07-05 19:28:46 -<==      Total: 45
2018-07-05 19:28:46 -请求地址 : http://localhost/common/dict
2018-07-05 19:28:46 -HTTP METHOD : GET
2018-07-05 19:28:46 -CLASS_METHOD : com.anhuay.common.controller.DictController.dict
2018-07-05 19:28:46 -参数 : []
2018-07-05 19:28:46 -耗时 : 0
2018-07-05 19:28:46 -返回值 : common/dict/dict
2018-07-05 19:28:46 -请求地址 : http://localhost/common/dict/type
2018-07-05 19:28:46 -HTTP METHOD : GET
2018-07-05 19:28:46 -CLASS_METHOD : com.anhuay.common.controller.DictController.listType
2018-07-05 19:28:46 -参数 : []
2018-07-05 19:28:46 -==>  Preparing: select distinct `type` , description from sys_dict 
2018-07-05 19:28:46 -==> Parameters: 
2018-07-05 19:28:46 -<==      Total: 31
2018-07-05 19:28:46 -耗时 : 14
2018-07-05 19:28:46 -返回值 : [DictDO{id=null, name='null', value='null', type='del_flag', description='删除标记', sort=null, parentId=null, createBy=null, createDate=null, updateBy=null, updateDate=null, remarks='null', delFlag='null'}, DictDO{id=null, name='null', value='null', type='show_hide', description='显示/隐藏', sort=null, parentId=null, createBy=null, createDate=null, updateBy=null, updateDate=null, remarks='null', delFlag='null'}, DictDO{id=null, name='null', value='null', type='yes_no', description='是/否', sort=null, parentId=null, createBy=null, createDate=null, updateBy=null, updateDate=null, remarks='null', delFlag='null'}, DictDO{id=null, name='null', value='null', type='color', description='颜色值', sort=null, parentId=null, createBy=null, createDate=null, updateBy=null, updateDate=null, remarks='null', delFlag='null'}, DictDO{id=null, name='null', value='null', type='theme', description='主题方案', sort=null, parentId=null, createBy=null, createDate=null, updateBy=null, updateDate=null, remarks='null', delFlag='null'}, DictDO{id=null, name='null', value='null', type='sys_area_type', description='区域类型', sort=null, parentId=null, createBy=null, createDate=null, updateBy=null, updateDate=null, remarks='null', delFlag='null'}, DictDO{id=null, name='null', value='null', type='sys_office_type', description='机构类型', sort=null, parentId=null, createBy=null, createDate=null, updateBy=null, updateDate=null, remarks='null', delFlag='null'}, DictDO{id=null, name='null', value='null', type='sys_office_common', description='快捷通用部门', sort=null, parentId=null, createBy=null, createDate=null, updateBy=null, updateDate=null, remarks='null', delFlag='null'}, DictDO{id=null, name='null', value='null', type='sys_office_grade', description='机构等级', sort=null, parentId=null, createBy=null, createDate=null, updateBy=null, updateDate=null, remarks='null', delFlag='null'}, DictDO{id=null, name='null', value='null', type='sys_data_scope', description='数据范围', sort=null, parentId=null, createBy=null, createDate=null, updateBy=null, updateDate=null, remarks='null', delFlag='null'}, DictDO{id=null, name='null', value='null', type='sys_user_type', description='用户类型', sort=null, parentId=null, createBy=null, createDate=null, updateBy=null, updateDate=null, remarks='null', delFlag='null'}, DictDO{id=null, name='null', value='null', type='cms_theme', description='站点主题', sort=null, parentId=null, createBy=null, createDate=null, updateBy=null, updateDate=null, remarks='null', delFlag='null'}, DictDO{id=null, name='null', value='null', type='cms_module', description='栏目模型', sort=null, parentId=null, createBy=null, createDate=null, updateBy=null, updateDate=null, remarks='null', delFlag='null'}, DictDO{id=null, name='null', value='null', type='cms_show_modes', description='展现方式', sort=null, parentId=null, createBy=null, createDate=null, updateBy=null, updateDate=null, remarks='null', delFlag='null'}, DictDO{id=null, name='null', value='null', type='cms_del_flag', description='内容状态', sort=null, parentId=null, createBy=null, createDate=null, updateBy=null, updateDate=null, remarks='null', delFlag='null'}, DictDO{id=null, name='null', value='null', type='cms_posid', description='推荐位', sort=null, parentId=null, createBy=null, createDate=null, updateBy=null, updateDate=null, remarks='null', delFlag='null'}, DictDO{id=null, name='null', value='null', type='cms_guestbook', description='留言板分类', sort=null, parentId=null, createBy=null, createDate=null, updateBy=null, updateDate=null, remarks='null', delFlag='null'}, DictDO{id=null, name='null', value='null', type='oa_leave_type', description='请假类型', sort=null, parentId=null, createBy=null, createDate=null, updateBy=null, updateDate=null, remarks='null', delFlag='null'}, DictDO{id=null, name='null', value='null', type='sys_log_type', description='日志类型', sort=null, parentId=null, createBy=null, createDate=null, updateBy=null, updateDate=null, remarks='null', delFlag='null'}, DictDO{id=null, name='null', value='null', type='act_type', description='流程类型', sort=null, parentId=null, createBy=null, createDate=null, updateBy=null, updateDate=null, remarks='null', delFlag='null'}, DictDO{id=null, name='null', value='null', type='act_category', description='流程分类', sort=null, parentId=null, createBy=null, createDate=null, updateBy=null, updateDate=null, remarks='null', delFlag='null'}, DictDO{id=null, name='null', value='null', type='gen_category', description='代码生成分类', sort=null, parentId=null, createBy=null, createDate=null, updateBy=null, updateDate=null, remarks='null', delFlag='null'}, DictDO{id=null, name='null', value='null', type='gen_query_type', description='查询方式', sort=null, parentId=null, createBy=null, createDate=null, updateBy=null, updateDate=null, remarks='null', delFlag='null'}, DictDO{id=null, name='null', value='null', type='gen_show_type', description='字段生成方案', sort=null, parentId=null, createBy=null, createDate=null, updateBy=null, updateDate=null, remarks='null', delFlag='null'}, DictDO{id=null, name='null', value='null', type='gen_java_type', description='Java类型', sort=null, parentId=null, createBy=null, createDate=null, updateBy=null, updateDate=null, remarks='null', delFlag='null'}, DictDO{id=null, name='null', value='null', type='sex', description='性别', sort=null, parentId=null, createBy=null, createDate=null, updateBy=null, updateDate=null, remarks='null', delFlag='null'}, DictDO{id=null, name='null', value='null', type='oa_notify_type', description='通知通告类型', sort=null, parentId=null, createBy=null, createDate=null, updateBy=null, updateDate=null, remarks='null', delFlag='null'}, DictDO{id=null, name='null', value='null', type='oa_notify_status', description='通知通告状态', sort=null, parentId=null, createBy=null, createDate=null, updateBy=null, updateDate=null, remarks='null', delFlag='null'}, DictDO{id=null, name='null', value='null', type='oa_notify_read', description='通知通告状态', sort=null, parentId=null, createBy=null, createDate=null, updateBy=null, updateDate=null, remarks='null', delFlag='null'}, DictDO{id=null, name='null', value='null', type='blog_type', description='博客类型', sort=null, parentId=null, createBy=null, createDate=null, updateBy=null, updateDate=null, remarks='null', delFlag='null'}, DictDO{id=null, name='null', value='null', type='hobby', description='爱好', sort=null, parentId=null, createBy=null, createDate=null, updateBy=null, updateDate=null, remarks='null', delFlag='null'}]
2018-07-05 19:28:46 -请求地址 : http://localhost/common/dict/list
2018-07-05 19:28:46 -HTTP METHOD : GET
2018-07-05 19:28:46 -CLASS_METHOD : com.anhuay.common.controller.DictController.list
2018-07-05 19:28:46 -参数 : [{limit=10, offset=0}]
2018-07-05 19:28:46 -==>  Preparing: select `id`,`name`,`value`,`type`,`description`,`sort`,`parent_id`,`create_by`,`create_date`,`update_by`,`update_date`,`remarks`,`del_flag` from sys_dict order by id desc limit ?, ? 
2018-07-05 19:28:46 -==> Parameters: 0(Integer), 10(Integer)
2018-07-05 19:28:46 -<==      Total: 10
2018-07-05 19:28:46 -==>  Preparing: select count(*) from sys_dict 
2018-07-05 19:28:46 -==> Parameters: 
2018-07-05 19:28:46 -<==      Total: 1
2018-07-05 19:28:46 -耗时 : 10
2018-07-05 19:28:46 -返回值 : com.anhuay.common.utils.PageUtils@76657aee
2018-07-05 19:28:47 -请求地址 : http://localhost/common/sysFile
2018-07-05 19:28:47 -HTTP METHOD : GET
2018-07-05 19:28:47 -CLASS_METHOD : com.anhuay.common.controller.FileController.sysFile
2018-07-05 19:28:47 -参数 : [{}]
2018-07-05 19:28:47 -耗时 : 0
2018-07-05 19:28:47 -返回值 : common/file/file
2018-07-05 19:28:47 -请求地址 : http://localhost/common/sysFile/list
2018-07-05 19:28:47 -HTTP METHOD : GET
2018-07-05 19:28:47 -CLASS_METHOD : com.anhuay.common.controller.FileController.list
2018-07-05 19:28:47 -参数 : [{limit=12, offset=0, type=}]
2018-07-05 19:28:47 -==>  Preparing: select `id`,`type`,`url`,`create_date` from sys_file order by id desc limit ?, ? 
2018-07-05 19:28:47 -==> Parameters: 0(Integer), 12(Integer)
2018-07-05 19:28:47 -<==      Total: 1
2018-07-05 19:28:47 -==>  Preparing: select count(*) from sys_file 
2018-07-05 19:28:47 -==> Parameters: 
2018-07-05 19:28:47 -<==      Total: 1
2018-07-05 19:28:47 -耗时 : 18
2018-07-05 19:28:47 -返回值 : com.anhuay.common.utils.PageUtils@4d22bc20
2018-07-05 19:28:50 -请求地址 : http://localhost/sys/user/
2018-07-05 19:28:50 -HTTP METHOD : GET
2018-07-05 19:28:50 -CLASS_METHOD : com.anhuay.system.controller.UserController.user
2018-07-05 19:28:50 -参数 : [{}]
2018-07-05 19:28:50 -耗时 : 1
2018-07-05 19:28:50 -返回值 : system/user/user
2018-07-05 19:28:50 -请求地址 : http://localhost/system/sysDept/tree
2018-07-05 19:28:50 -HTTP METHOD : GET
2018-07-05 19:28:50 -CLASS_METHOD : com.anhuay.system.controller.DeptController.tree
2018-07-05 19:28:50 -参数 : []
2018-07-05 19:28:50 -==>  Preparing: select `dept_id`,`parent_id`,`name`,`order_num`,`del_flag` from sys_dept order by dept_id desc 
2018-07-05 19:28:50 -==> Parameters: 
2018-07-05 19:28:50 -<==      Total: 10
2018-07-05 19:28:50 -耗时 : 17
2018-07-05 19:28:50 -返回值 : {"checked":true,"children":[{"checked":false,"children":[{"checked":false,"children":[],"hasChildren":false,"hasParent":true,"id":"15","parentId":"13","state":{"opened":true},"text":"测试二部"},{"checked":false,"children":[],"hasChildren":false,"hasParent":true,"id":"14","parentId":"13","state":{"opened":true},"text":"测试一部"}],"hasChildren":true,"hasParent":false,"id":"13","parentId":"0","state":{"opened":true},"text":"测试部"},{"checked":false,"children":[{"checked":false,"children":[],"hasChildren":false,"hasParent":true,"id":"12","parentId":"11","state":{"opened":true},"text":"产品一部"}],"hasChildren":true,"hasParent":false,"id":"11","parentId":"0","state":{"opened":true},"text":"产品部"},{"checked":false,"children":[{"checked":false,"children":[],"hasChildren":false,"hasParent":true,"id":"10","parentId":"9","state":{"opened":true},"text":"销售一部"}],"hasChildren":true,"hasParent":false,"id":"9","parentId":"0","state":{"opened":true},"text":"销售部"},{"checked":false,"children":[{"checked":false,"children":[],"hasChildren":false,"hasParent":true,"id":"8","parentId":"6","state":{"opened":true},"text":"研发二部"},{"checked":false,"children":[],"hasChildren":false,"hasParent":true,"id":"7","parentId":"6","state":{"opened":true},"text":"研發一部"}],"hasChildren":true,"hasParent":false,"id":"6","parentId":"0","state":{"opened":true},"text":"研发部"}],"hasChildren":true,"hasParent":false,"id":"-1","parentId":"","state":{"opened":true},"text":"顶级节点"}
2018-07-05 19:28:50 -请求地址 : http://localhost/sys/user/list
2018-07-05 19:28:50 -HTTP METHOD : GET
2018-07-05 19:28:50 -CLASS_METHOD : com.anhuay.system.controller.UserController.list
2018-07-05 19:28:50 -参数 : [{limit=10, offset=0, name=, deptId=}]
2018-07-05 19:28:50 -==>  Preparing: select `user_id`,`username`,`name`,`password`,`dept_id`,`email`,`mobile`,`status`,`user_id_create`,`gmt_create`,`gmt_modified`,`sex`,`birth`,`pic_id`,`live_address`,`hobby`,`province`,`city`,`district` from sys_user order by user_id desc limit ?, ? 
2018-07-05 19:28:50 -==> Parameters: 0(Integer), 10(Integer)
2018-07-05 19:28:50 -<==      Total: 10
2018-07-05 19:28:50 -==>  Preparing: select count(*) from sys_user 
2018-07-05 19:28:50 -==> Parameters: 
2018-07-05 19:28:50 -<==      Total: 1
2018-07-05 19:28:50 -耗时 : 13
2018-07-05 19:28:50 -返回值 : com.anhuay.common.utils.PageUtils@5619d79f
2018-07-05 19:28:51 -请求地址 : http://localhost/sys/role
2018-07-05 19:28:51 -HTTP METHOD : GET
2018-07-05 19:28:51 -CLASS_METHOD : com.anhuay.system.controller.RoleController.role
2018-07-05 19:28:51 -参数 : []
2018-07-05 19:28:51 -耗时 : 0
2018-07-05 19:28:51 -返回值 : system/role/role
2018-07-05 19:28:51 -请求地址 : http://localhost/sys/role/list
2018-07-05 19:28:51 -HTTP METHOD : GET
2018-07-05 19:28:51 -CLASS_METHOD : com.anhuay.system.controller.RoleController.list
2018-07-05 19:28:51 -参数 : []
2018-07-05 19:28:51 -==>  Preparing: select `role_id`,`role_name`,`role_sign`,`remark`,`user_id_create`,`gmt_create`,`gmt_modified` from sys_role order by role_id desc 
2018-07-05 19:28:51 -==> Parameters: 
2018-07-05 19:28:51 -<==      Total: 2
2018-07-05 19:28:51 -耗时 : 8
2018-07-05 19:28:51 -返回值 : [RoleDO{roleId=59, roleName='普通用户', roleSign='null', remark='基本用户权限', userIdCreate=null, gmtCreate=null, gmtModified=null, menuIds=null}, RoleDO{roleId=1, roleName='超级用户角色', roleSign='admin', remark='拥有最高权限', userIdCreate=2, gmtCreate=2017-08-12 00:43:52.0, gmtModified=2017-08-12 19:14:59.0, menuIds=null}]
2018-07-05 19:28:52 -请求地址 : http://localhost/sys/menu/
2018-07-05 19:28:52 -HTTP METHOD : GET
2018-07-05 19:28:52 -CLASS_METHOD : com.anhuay.system.controller.MenuController.menu
2018-07-05 19:28:52 -参数 : [{}]
2018-07-05 19:28:52 -耗时 : 0
2018-07-05 19:28:52 -返回值 : system/menu/menu
2018-07-05 19:28:52 -请求地址 : http://localhost/sys/menu/list
2018-07-05 19:28:52 -HTTP METHOD : GET
2018-07-05 19:28:52 -CLASS_METHOD : com.anhuay.system.controller.MenuController.list
2018-07-05 19:28:52 -参数 : [{sort=order_num}]
2018-07-05 19:28:52 -==>  Preparing: select `menu_id`,`parent_id`,`name`,`url`,`perms`,`type`,`icon`,`order_num`,`gmt_create`,`gmt_modified` from sys_menu order by order_num 
2018-07-05 19:28:52 -==> Parameters: 
2018-07-05 19:28:52 -<==      Total: 55
2018-07-05 19:28:52 -耗时 : 27
2018-07-05 19:28:52 -返回值 : [MenuDO{menuId=55, parentId=7, name='编辑', url='', perms='sys:role:edit', type=2, icon='', orderNum=null, gmtCreate=null, gmtModified=null}, MenuDO{menuId=56, parentId=7, name='删除', url='', perms='sys:role:remove', type=2, icon='null', orderNum=null, gmtCreate=null, gmtModified=null}, MenuDO{menuId=61, parentId=2, name='批量删除', url='', perms='sys:menu:batchRemove', type=2, icon='null', orderNum=null, gmtCreate=null, gmtModified=null}, MenuDO{menuId=62, parentId=7, name='批量删除', url='', perms='sys:role:batchRemove', type=2, icon='null', orderNum=null, gmtCreate=null, gmtModified=null}, MenuDO{menuId=85, parentId=84, name='通知公告', url='oa/notify', perms='oa:notify:notify', type=1, icon='fa fa-pencil-square', orderNum=null, gmtCreate=null, gmtModified=null}, MenuDO{menuId=88, parentId=85, name='删除', url='oa/notify/remove', perms='oa:notify:remove', type=2, icon='fa fa-minus', orderNum=null, gmtCreate=null, gmtModified=null}, MenuDO{menuId=89, parentId=85, name='批量删除', url='oa/notify/batchRemove', perms='oa:notify:batchRemove', type=2, icon='', orderNum=null, gmtCreate=null, gmtModified=null}, MenuDO{menuId=90, parentId=84, name='我的通知', url='oa/notify/selfNotify', perms='', type=1, icon='fa fa-envelope-square', orderNum=null, gmtCreate=null, gmtModified=null}, MenuDO{menuId=92, parentId=91, name='在线用户', url='sys/online', perms='', type=1, icon='fa fa-user', orderNum=null, gmtCreate=null, gmtModified=null}, MenuDO{menuId=98, parentId=97, name='百度chart', url='/chart/graph_echarts.html', perms='', type=1, icon='fa fa-area-chart', orderNum=null, gmtCreate=null, gmtModified=null}, MenuDO{menuId=104, parentId=77, name='swagger', url='/swagger-ui.html', perms='', type=1, icon='', orderNum=null, gmtCreate=null, gmtModified=null}, MenuDO{menuId=1, parentId=0, name='基础管理', url='', perms='', type=0, icon='fa fa-bars', orderNum=0, gmtCreate=Wed Aug 09 22:49:47 CST 2017, gmtModified=null}, MenuDO{menuId=6, parentId=3, name='用户管理', url='sys/user/', perms='sys:user:user', type=1, icon='fa fa-user', orderNum=0, gmtCreate=Thu Aug 10 14:12:11 CST 2017, gmtModified=null}, MenuDO{menuId=12, parentId=6, name='新增', url='', perms='sys:user:add', type=2, icon='', orderNum=0, gmtCreate=Mon Aug 14 10:51:35 CST 2017, gmtModified=null}, MenuDO{menuId=13, parentId=6, name='编辑', url='', perms='sys:user:edit', type=2, icon='', orderNum=0, gmtCreate=Mon Aug 14 10:52:06 CST 2017, gmtModified=null}, MenuDO{menuId=14, parentId=6, name='删除', url='null', perms='sys:user:remove', type=2, icon='null', orderNum=0, gmtCreate=Mon Aug 14 10:52:24 CST 2017, gmtModified=null}, MenuDO{menuId=15, parentId=7, name='新增', url='', perms='sys:role:add', type=2, icon='', orderNum=0, gmtCreate=Mon Aug 14 10:56:37 CST 2017, gmtModified=null}, MenuDO{menuId=20, parentId=2, name='新增', url='', perms='sys:menu:add', type=2, icon='', orderNum=0, gmtCreate=Mon Aug 14 10:59:32 CST 2017, gmtModified=null}, MenuDO{menuId=21, parentId=2, name='编辑', url='', perms='sys:menu:edit', type=2, icon='', orderNum=0, gmtCreate=Mon Aug 14 10:59:56 CST 2017, gmtModified=null}, MenuDO{menuId=22, parentId=2, name='删除', url='', perms='sys:menu:remove', type=2, icon='', orderNum=0, gmtCreate=Mon Aug 14 11:00:26 CST 2017, gmtModified=null}, MenuDO{menuId=24, parentId=6, name='批量删除', url='', perms='sys:user:batchRemove', type=2, icon='', orderNum=0, gmtCreate=Mon Aug 14 17:27:18 CST 2017, gmtModified=null}, MenuDO{menuId=25, parentId=6, name='停用', url='null', perms='sys:user:disable', type=2, icon='null', orderNum=0, gmtCreate=Mon Aug 14 17:27:43 CST 2017, gmtModified=null}, MenuDO{menuId=26, parentId=6, name='重置密码', url='', perms='sys:user:resetPwd', type=2, icon='', orderNum=0, gmtCreate=Mon Aug 14 17:28:34 CST 2017, gmtModified=null}, MenuDO{menuId=27, parentId=91, name='系统日志', url='common/log', perms='common:log', type=1, icon='fa fa-warning', orderNum=0, gmtCreate=Mon Aug 14 22:11:53 CST 2017, gmtModified=null}, MenuDO{menuId=28, parentId=27, name='刷新', url='null', perms='sys:log:list', type=2, icon='null', orderNum=0, gmtCreate=Mon Aug 14 22:30:22 CST 2017, gmtModified=null}, MenuDO{menuId=29, parentId=27, name='删除', url='null', perms='sys:log:remove', type=2, icon='null', orderNum=0, gmtCreate=Mon Aug 14 22:30:43 CST 2017, gmtModified=null}, MenuDO{menuId=30, parentId=27, name='清空', url='null', perms='sys:log:clear', type=2, icon='null', orderNum=0, gmtCreate=Mon Aug 14 22:31:02 CST 2017, gmtModified=null}, MenuDO{menuId=3, parentId=0, name='系统管理', url='null', perms='null', type=0, icon='fa fa-desktop', orderNum=1, gmtCreate=Wed Aug 09 23:06:55 CST 2017, gmtModified=Mon Aug 14 14:13:43 CST 2017}, MenuDO{menuId=7, parentId=3, name='角色管理', url='sys/role', perms='sys:role:role', type=1, icon='fa fa-paw', orderNum=1, gmtCreate=Thu Aug 10 14:13:19 CST 2017, gmtModified=null}, MenuDO{menuId=57, parentId=91, name='运行监控', url='/druid/index.html', perms='', type=1, icon='fa fa-caret-square-o-right', orderNum=1, gmtCreate=null, gmtModified=null}, MenuDO{menuId=74, parentId=73, name='增加', url='/system/sysDept/add', perms='system:sysDept:add', type=2, icon='null', orderNum=1, gmtCreate=null, gmtModified=null}, MenuDO{menuId=78, parentId=1, name='数据字典', url='/common/dict', perms='common:dict:dict', type=1, icon='fa fa-book', orderNum=1, gmtCreate=null, gmtModified=null}, MenuDO{menuId=86, parentId=85, name='新增', url='oa/notify/add', perms='oa:notify:add', type=2, icon='fa fa-plus', orderNum=1, gmtCreate=null, gmtModified=null}, MenuDO{menuId=106, parentId=105, name='策略模板', url='/strategy/templet', perms='strategy:templet', type=1, icon='fa fa-bookmark-o', orderNum=1, gmtCreate=null, gmtModified=null}, MenuDO{menuId=2, parentId=3, name='系统菜单', url='sys/menu/', perms='sys:menu:menu', type=1, icon='fa fa-th-list', orderNum=2, gmtCreate=Wed Aug 09 22:55:15 CST 2017, gmtModified=null}, MenuDO{menuId=71, parentId=1, name='文件管理', url='/common/sysFile', perms='common:sysFile:sysFile', type=1, icon='fa fa-folder-open', orderNum=2, gmtCreate=null, gmtModified=null}, MenuDO{menuId=75, parentId=73, name='刪除', url='system/sysDept/remove', perms='system:sysDept:remove', type=2, icon='null', orderNum=2, gmtCreate=null, gmtModified=null}, MenuDO{menuId=79, parentId=78, name='增加', url='/common/dict/add', perms='common:dict:add', type=2, icon='null', orderNum=2, gmtCreate=null, gmtModified=null}, MenuDO{menuId=80, parentId=78, name='编辑', url='/common/dict/edit', perms='common:dict:edit', type=2, icon='null', orderNum=2, gmtCreate=null, gmtModified=null}, MenuDO{menuId=87, parentId=85, name='编辑', url='oa/notify/edit', perms='oa:notify:edit', type=2, icon='fa fa-pencil-square-o', orderNum=2, gmtCreate=null, gmtModified=null}, MenuDO{menuId=105, parentId=0, name='策略管理', url='', perms='', type=0, icon='fa fa-group', orderNum=2, gmtCreate=null, gmtModified=null}, MenuDO{menuId=107, parentId=105, name='默认策略', url='/strategy/default', perms='strategy:default', type=1, icon='fa fa-bookmark-o', orderNum=2, gmtCreate=Tue Jul 03 13:54:38 CST 2018, gmtModified=Tue Jul 03 13:54:40 CST 2018}, MenuDO{menuId=48, parentId=77, name='代码生成', url='common/generator', perms='common:generator', type=1, icon='fa fa-code', orderNum=3, gmtCreate=null, gmtModified=null}, MenuDO{menuId=73, parentId=3, name='部门管理', url='/system/sysDept', perms='system:sysDept:sysDept', type=1, icon='fa fa-users', orderNum=3, gmtCreate=null, gmtModified=null}, MenuDO{menuId=76, parentId=73, name='编辑', url='/system/sysDept/edit', perms='system:sysDept:edit', type=2, icon='null', orderNum=3, gmtCreate=null, gmtModified=null}, MenuDO{menuId=81, parentId=78, name='删除', url='/common/dict/remove', perms='common:dict:remove', type=2, icon='', orderNum=3, gmtCreate=null, gmtModified=null}, MenuDO{menuId=108, parentId=105, name='部门策略', url='/strategy/dept', perms='strategy:dept', type=1, icon='fa fa-bookmark-o', orderNum=3, gmtCreate=Tue Jul 03 13:54:38 CST 2018, gmtModified=Tue Jul 03 13:54:40 CST 2018}, MenuDO{menuId=72, parentId=77, name='计划任务', url='common/job', perms='common:taskScheduleJob', type=1, icon='fa fa-hourglass-1', orderNum=4, gmtCreate=null, gmtModified=null}, MenuDO{menuId=77, parentId=0, name='系统工具', url='', perms='', type=0, icon='fa fa-gear', orderNum=4, gmtCreate=null, gmtModified=null}, MenuDO{menuId=83, parentId=78, name='批量删除', url='/common/dict/batchRemove', perms='common:dict:batchRemove', type=2, icon='', orderNum=4, gmtCreate=null, gmtModified=null}, MenuDO{menuId=109, parentId=105, name='主机组策略', url='/strategy/osGroup', perms='strategy:osGroup', type=1, icon='fa fa-bookmark-o', orderNum=4, gmtCreate=Tue Jul 03 13:54:38 CST 2018, gmtModified=Tue Jul 03 13:54:40 CST 2018}, MenuDO{menuId=84, parentId=0, name='办公管理', url='', perms='', type=0, icon='fa fa-laptop', orderNum=5, gmtCreate=null, gmtModified=null}, MenuDO{menuId=91, parentId=0, name='系统监控', url='', perms='', type=0, icon='fa fa-video-camera', orderNum=5, gmtCreate=null, gmtModified=null}, MenuDO{menuId=110, parentId=105, name='主机策略', url='/strategy/os', perms='strategy:os', type=1, icon='fa fa-bookmark-o', orderNum=5, gmtCreate=Tue Jul 03 13:54:38 CST 2018, gmtModified=Tue Jul 03 13:54:40 CST 2018}, MenuDO{menuId=97, parentId=0, name='图表管理', url='', perms='', type=0, icon='fa fa-bar-chart', orderNum=7, gmtCreate=null, gmtModified=null}]
2018-07-05 19:29:06 -请求地址 : http://localhost/common/generator
2018-07-05 19:29:06 -HTTP METHOD : GET
2018-07-05 19:29:06 -CLASS_METHOD : com.anhuay.common.controller.GeneratorController.generator
2018-07-05 19:29:06 -参数 : []
2018-07-05 19:29:06 -耗时 : 0
2018-07-05 19:29:06 -返回值 : common/generator/list
2018-07-05 19:29:06 -请求地址 : http://localhost/common/generator/list
2018-07-05 19:29:06 -HTTP METHOD : GET
2018-07-05 19:29:06 -CLASS_METHOD : com.anhuay.common.controller.GeneratorController.list
2018-07-05 19:29:06 -参数 : []
2018-07-05 19:29:06 -==>  Preparing: select table_name tableName, engine, table_comment tableComment, create_time createTime from information_schema.tables where table_schema = (select database()) 
2018-07-05 19:29:06 -==> Parameters: 
2018-07-05 19:29:06 -<==      Total: 15
2018-07-05 19:29:06 -耗时 : 32
2018-07-05 19:29:06 -返回值 : [{engine=InnoDB, createTime=2018-07-03 11:47:09.0, tableComment=文章内容, tableName=blog_content}, {engine=InnoDB, createTime=2018-07-03 11:47:10.0, tableComment=通知通告, tableName=oa_notify}, {engine=InnoDB, createTime=2018-07-03 11:47:10.0, tableComment=通知通告发送记录, tableName=oa_notify_record}, {engine=InnoDB, createTime=2018-07-03 11:47:11.0, tableComment=审批流程测试表, tableName=salary}, {engine=InnoDB, createTime=2018-07-03 11:47:11.0, tableComment=部门管理, tableName=sys_dept}, {engine=InnoDB, createTime=2018-07-03 11:47:12.0, tableComment=字典表, tableName=sys_dict}, {engine=InnoDB, createTime=2018-07-03 11:47:13.0, tableComment=文件上传, tableName=sys_file}, {engine=InnoDB, createTime=2018-07-03 11:47:14.0, tableComment=系统日志, tableName=sys_log}, {engine=InnoDB, createTime=2018-07-03 11:47:14.0, tableComment=菜单管理, tableName=sys_menu}, {engine=InnoDB, createTime=2018-07-03 11:47:15.0, tableComment=角色, tableName=sys_role}, {engine=InnoDB, createTime=2018-07-03 11:47:16.0, tableComment=角色与菜单对应关系, tableName=sys_role_menu}, {engine=MyISAM, createTime=2018-07-03 11:47:17.0, tableComment=, tableName=sys_task}, {engine=InnoDB, createTime=2018-07-03 11:47:17.0, tableComment=, tableName=sys_user}, {engine=InnoDB, createTime=2018-07-03 11:47:18.0, tableComment=, tableName=sys_user_plus}, {engine=InnoDB, createTime=2018-07-03 11:47:19.0, tableComment=用户与角色对应关系, tableName=sys_user_role}]
2018-07-05 19:29:07 -请求地址 : http://localhost/common/job
2018-07-05 19:29:07 -HTTP METHOD : GET
2018-07-05 19:29:07 -CLASS_METHOD : com.anhuay.common.controller.JobController.taskScheduleJob
2018-07-05 19:29:07 -参数 : []
2018-07-05 19:29:07 -耗时 : 0
2018-07-05 19:29:07 -返回值 : common/job/job
2018-07-05 19:29:07 -请求地址 : http://localhost/common/job/list
2018-07-05 19:29:07 -HTTP METHOD : GET
2018-07-05 19:29:07 -CLASS_METHOD : com.anhuay.common.controller.JobController.list
2018-07-05 19:29:07 -参数 : [{limit=10, offset=0}]
2018-07-05 19:29:07 -==>  Preparing: select `id`,`cron_expression`,`method_name`,`is_concurrent`,`description`,`update_by`,`bean_class`,`create_date`,`job_status`,`job_group`,`update_date`,`create_by`,`spring_bean`,`job_name` from sys_task order by id desc limit ?, ? 
2018-07-05 19:29:07 -==> Parameters: 0(Integer), 10(Integer)
2018-07-05 19:29:07 -<==      Total: 1
2018-07-05 19:29:07 -==>  Preparing: select count(*) from sys_task 
2018-07-05 19:29:07 -==> Parameters: 
2018-07-05 19:29:07 -<==      Total: 1
2018-07-05 19:29:07 -耗时 : 42
2018-07-05 19:29:07 -返回值 : com.anhuay.common.utils.PageUtils@755b6fda
2018-07-05 19:29:08 -请求地址 : http://localhost/sys/online
2018-07-05 19:29:08 -HTTP METHOD : GET
2018-07-05 19:29:08 -CLASS_METHOD : com.anhuay.system.controller.SessionController.online
2018-07-05 19:29:08 -参数 : []
2018-07-05 19:29:08 -耗时 : 4
2018-07-05 19:29:08 -返回值 : system/online/online
2018-07-05 19:29:09 -请求地址 : http://localhost/sys/online/list
2018-07-05 19:29:09 -HTTP METHOD : GET
2018-07-05 19:29:09 -CLASS_METHOD : com.anhuay.system.controller.SessionController.list
2018-07-05 19:29:09 -参数 : []
2018-07-05 19:29:09 -耗时 : 1
2018-07-05 19:29:09 -返回值 : [com.anhuay.system.domain.UserOnline@22479145]
2018-07-05 19:29:09 -WebSocketSession[1 current WS(1)-HttpStream(0)-HttpPoll(0), 1 total, 0 closed abnormally (0 connect failure, 0 send limit, 0 transport error)], stompSubProtocol[processed CONNECT(1)-CONNECTED(1)-DISCONNECT(0)], stompBrokerRelay[null], inboundChannel[pool size = 8, active threads = 0, queued tasks = 0, completed tasks = 9], outboundChannelpool size = 1, active threads = 0, queued tasks = 0, completed tasks = 1], sockJsScheduler[pool size = 4, active threads = 1, queued tasks = 2, completed tasks = 8]
2018-07-05 19:29:09 -请求地址 : http://localhost/common/log
2018-07-05 19:29:09 -HTTP METHOD : GET
2018-07-05 19:29:09 -CLASS_METHOD : com.anhuay.common.controller.LogController.log
2018-07-05 19:29:09 -参数 : []
2018-07-05 19:29:09 -耗时 : 1
2018-07-05 19:29:09 -返回值 : common/log/log
2018-07-05 19:29:09 -请求地址 : http://localhost/common/log/list
2018-07-05 19:29:09 -HTTP METHOD : GET
2018-07-05 19:29:09 -CLASS_METHOD : com.anhuay.common.controller.LogController.list
2018-07-05 19:29:09 -参数 : [{limit=10, offset=0, sort=gmt_create, order=desc, operation=, username=}]
2018-07-05 19:29:09 -==>  Preparing: select count(*) from sys_log 
2018-07-05 19:29:09 -==> Parameters: 
2018-07-05 19:29:09 -<==      Total: 1
2018-07-05 19:29:09 -==>  Preparing: select `id`,`user_id`,`username`,`operation`,`time`,`method`,`params`,`ip`,`gmt_create` from sys_log order by gmt_create desc limit ?, ? 
2018-07-05 19:29:09 -==> Parameters: 0(Integer), 10(Integer)
2018-07-05 19:29:09 -<==      Total: 10
2018-07-05 19:29:09 -耗时 : 7
2018-07-05 19:29:09 -返回值 : PageDO{offset=0, limit=10, total=52, params={}, param='', rows=[LogDO{id=660, userId=1, username='admin', operation='请求访问主页', time=73, method='com.anhuay.system.controller.LoginController.index()', params='null', ip='127.0.0.1', gmtCreate=Thu Jul 05 19:28:37 CST 2018}, LogDO{id=659, userId=1, username='admin', operation='登录', time=11, method='com.anhuay.system.controller.LoginController.ajaxLogin()', params='null', ip='127.0.0.1', gmtCreate=Thu Jul 05 19:28:36 CST 2018}, LogDO{id=658, userId=1, username='admin', operation='请求访问主页', time=7, method='com.bootdo.system.controller.LoginController.index()', params='null', ip='127.0.0.1', gmtCreate=Tue Jul 03 14:16:06 CST 2018}, LogDO{id=657, userId=1, username='admin', operation='更新角色', time=218, method='com.bootdo.system.controller.RoleController.update()', params='null', ip='127.0.0.1', gmtCreate=Tue Jul 03 14:16:01 CST 2018}, LogDO{id=656, userId=1, username='admin', operation='编辑角色', time=3, method='com.bootdo.system.controller.RoleController.edit()', params='null', ip='127.0.0.1', gmtCreate=Tue Jul 03 14:15:38 CST 2018}, LogDO{id=655, userId=1, username='admin', operation='请求访问主页', time=5, method='com.bootdo.system.controller.LoginController.index()', params='null', ip='127.0.0.1', gmtCreate=Tue Jul 03 14:13:16 CST 2018}, LogDO{id=652, userId=1, username='admin', operation='请求访问主页', time=6, method='com.bootdo.system.controller.LoginController.index()', params='null', ip='127.0.0.1', gmtCreate=Tue Jul 03 14:13:08 CST 2018}, LogDO{id=653, userId=1, username='admin', operation='请求访问主页', time=8, method='com.bootdo.system.controller.LoginController.index()', params='null', ip='127.0.0.1', gmtCreate=Tue Jul 03 14:13:08 CST 2018}, LogDO{id=654, userId=1, username='admin', operation='请求访问主页', time=8, method='com.bootdo.system.controller.LoginController.index()', params='null', ip='127.0.0.1', gmtCreate=Tue Jul 03 14:13:08 CST 2018}, LogDO{id=650, userId=1, username='admin', operation='请求访问主页', time=6, method='com.bootdo.system.controller.LoginController.index()', params='null', ip='127.0.0.1', gmtCreate=Tue Jul 03 14:13:07 CST 2018}]}
2018-07-05 19:29:16 -请求地址 : http://localhost/oa/notify
2018-07-05 19:29:16 -HTTP METHOD : GET
2018-07-05 19:29:16 -CLASS_METHOD : com.anhuay.oa.controller.NotifyController.oaNotify
2018-07-05 19:29:16 -参数 : []
2018-07-05 19:29:16 -耗时 : 1
2018-07-05 19:29:16 -返回值 : oa/notify/notify
2018-07-05 19:29:16 -请求地址 : http://localhost/oa/notify/list
2018-07-05 19:29:16 -HTTP METHOD : GET
2018-07-05 19:29:16 -CLASS_METHOD : com.anhuay.oa.controller.NotifyController.list
2018-07-05 19:29:16 -参数 : [{limit=10, offset=0}]
2018-07-05 19:29:16 -==>  Preparing: select `id`,`type`,`title`,`content`,`files`,`status`,`create_by`,`create_date`,`update_by`,`update_date`,`remarks`,`del_flag` from oa_notify order by id desc limit ?, ? 
2018-07-05 19:29:16 -==> Parameters: 0(Integer), 10(Integer)
2018-07-05 19:29:16 -<==      Total: 6
2018-07-05 19:29:16 -==>  Preparing: select `id`,`name`,`value`,`type`,`description`,`sort`,`parent_id`,`create_by`,`create_date`,`update_by`,`update_date`,`remarks`,`del_flag` from sys_dict WHERE value = ? and type = ? order by id desc 
2018-07-05 19:29:16 -==> Parameters: 1(String), oa_notify_type(String)
2018-07-05 19:29:16 -<==      Total: 1
2018-07-05 19:29:16 -==>  Preparing: select `id`,`name`,`value`,`type`,`description`,`sort`,`parent_id`,`create_by`,`create_date`,`update_by`,`update_date`,`remarks`,`del_flag` from sys_dict WHERE value = ? and type = ? order by id desc 
2018-07-05 19:29:16 -==> Parameters: 3(String), oa_notify_type(String)
2018-07-05 19:29:16 -<==      Total: 1
2018-07-05 19:29:16 -==>  Preparing: select `id`,`name`,`value`,`type`,`description`,`sort`,`parent_id`,`create_by`,`create_date`,`update_by`,`update_date`,`remarks`,`del_flag` from sys_dict WHERE value = ? and type = ? order by id desc 
2018-07-05 19:29:16 -==> Parameters: 3(String), oa_notify_type(String)
2018-07-05 19:29:16 -<==      Total: 1
2018-07-05 19:29:16 -==>  Preparing: select `id`,`name`,`value`,`type`,`description`,`sort`,`parent_id`,`create_by`,`create_date`,`update_by`,`update_date`,`remarks`,`del_flag` from sys_dict WHERE value = ? and type = ? order by id desc 
2018-07-05 19:29:16 -==> Parameters: 3(String), oa_notify_type(String)
2018-07-05 19:29:16 -<==      Total: 1
2018-07-05 19:29:16 -==>  Preparing: select `id`,`name`,`value`,`type`,`description`,`sort`,`parent_id`,`create_by`,`create_date`,`update_by`,`update_date`,`remarks`,`del_flag` from sys_dict WHERE value = ? and type = ? order by id desc 
2018-07-05 19:29:16 -==> Parameters: 3(String), oa_notify_type(String)
2018-07-05 19:29:16 -<==      Total: 1
2018-07-05 19:29:16 -==>  Preparing: select `id`,`name`,`value`,`type`,`description`,`sort`,`parent_id`,`create_by`,`create_date`,`update_by`,`update_date`,`remarks`,`del_flag` from sys_dict WHERE value = ? and type = ? order by id desc 
2018-07-05 19:29:16 -==> Parameters: 3(String), oa_notify_type(String)
2018-07-05 19:29:16 -<==      Total: 1
2018-07-05 19:29:16 -==>  Preparing: select count(*) from oa_notify 
2018-07-05 19:29:16 -==> Parameters: 
2018-07-05 19:29:16 -<==      Total: 1
2018-07-05 19:29:16 -耗时 : 39
2018-07-05 19:29:16 -返回值 : com.anhuay.common.utils.PageUtils@5275748d
2018-07-05 19:29:17 -请求地址 : http://localhost/oa/notify/selfNotify
2018-07-05 19:29:17 -HTTP METHOD : GET
2018-07-05 19:29:17 -CLASS_METHOD : com.anhuay.oa.controller.NotifyController.selefNotify
2018-07-05 19:29:17 -参数 : []
2018-07-05 19:29:17 -耗时 : 0
2018-07-05 19:29:17 -返回值 : oa/notify/selfNotify
2018-07-05 19:29:17 -请求地址 : http://localhost/oa/notify/selfList
2018-07-05 19:29:17 -HTTP METHOD : GET
2018-07-05 19:29:17 -CLASS_METHOD : com.anhuay.oa.controller.NotifyController.selfList
2018-07-05 19:29:17 -参数 : [{limit=10, offset=0}]
2018-07-05 19:29:17 -==>  Preparing: select DISTINCT n.id ,`type`,`title`,`content`,`files`,r.is_read,`status`,`create_by`,`create_date`,`update_by`,`update_date`,`remarks`,`del_flag` from oa_notify_record r right JOIN oa_notify n on r.notify_id = n.id WHERE r.user_id = ? order by is_read ASC, update_date DESC limit ?, ? 
2018-07-05 19:29:17 -==> Parameters: 1(Long), 0(Integer), 10(Integer)
2018-07-05 19:29:17 -<==      Total: 6
2018-07-05 19:29:17 -==>  Preparing: select `user_id`,`username`,`name`,`password`,`dept_id`,`email`,`mobile`,`status`,`user_id_create`,`gmt_create`,`gmt_modified`,`sex`,`birth`,`pic_id`,`live_address`,`hobby`,`province`,`city`,`district` from sys_user where user_id = ? 
2018-07-05 19:29:17 -==> Parameters: 1(Long)
2018-07-05 19:29:17 -<==      Total: 1
2018-07-05 19:29:17 -==>  Preparing: select `user_id`,`username`,`name`,`password`,`dept_id`,`email`,`mobile`,`status`,`user_id_create`,`gmt_create`,`gmt_modified`,`sex`,`birth`,`pic_id`,`live_address`,`hobby`,`province`,`city`,`district` from sys_user where user_id = ? 
2018-07-05 19:29:17 -==> Parameters: 1(Long)
2018-07-05 19:29:17 -<==      Total: 1
2018-07-05 19:29:17 -==>  Preparing: select `user_id`,`username`,`name`,`password`,`dept_id`,`email`,`mobile`,`status`,`user_id_create`,`gmt_create`,`gmt_modified`,`sex`,`birth`,`pic_id`,`live_address`,`hobby`,`province`,`city`,`district` from sys_user where user_id = ? 
2018-07-05 19:29:17 -==> Parameters: 1(Long)
2018-07-05 19:29:17 -<==      Total: 1
2018-07-05 19:29:17 -==>  Preparing: select `user_id`,`username`,`name`,`password`,`dept_id`,`email`,`mobile`,`status`,`user_id_create`,`gmt_create`,`gmt_modified`,`sex`,`birth`,`pic_id`,`live_address`,`hobby`,`province`,`city`,`district` from sys_user where user_id = ? 
2018-07-05 19:29:17 -==> Parameters: 1(Long)
2018-07-05 19:29:17 -<==      Total: 1
2018-07-05 19:29:17 -==>  Preparing: select `user_id`,`username`,`name`,`password`,`dept_id`,`email`,`mobile`,`status`,`user_id_create`,`gmt_create`,`gmt_modified`,`sex`,`birth`,`pic_id`,`live_address`,`hobby`,`province`,`city`,`district` from sys_user where user_id = ? 
2018-07-05 19:29:17 -==> Parameters: 1(Long)
2018-07-05 19:29:17 -<==      Total: 1
2018-07-05 19:29:17 -==>  Preparing: select `user_id`,`username`,`name`,`password`,`dept_id`,`email`,`mobile`,`status`,`user_id_create`,`gmt_create`,`gmt_modified`,`sex`,`birth`,`pic_id`,`live_address`,`hobby`,`province`,`city`,`district` from sys_user where user_id = ? 
2018-07-05 19:29:17 -==> Parameters: 1(Long)
2018-07-05 19:29:17 -<==      Total: 1
2018-07-05 19:29:17 -==>  Preparing: select count(*) from oa_notify_record r right JOIN oa_notify n on r.notify_id = n.id where r.user_id =? and r.is_read = ? 
2018-07-05 19:29:17 -==> Parameters: 1(Long), null
2018-07-05 19:29:17 -<==      Total: 1
2018-07-05 19:29:17 -耗时 : 24
2018-07-05 19:29:17 -返回值 : com.anhuay.common.utils.PageUtils@51e99c0c
2018-07-05 19:59:09 -WebSocketSession[1 current WS(1)-HttpStream(0)-HttpPoll(0), 1 total, 0 closed abnormally (0 connect failure, 0 send limit, 0 transport error)], stompSubProtocol[processed CONNECT(1)-CONNECTED(1)-DISCONNECT(0)], stompBrokerRelay[null], inboundChannel[pool size = 0, active threads = 0, queued tasks = 0, completed tasks = 9], outboundChannelpool size = 0, active threads = 0, queued tasks = 0, completed tasks = 1], sockJsScheduler[pool size = 4, active threads = 1, queued tasks = 2, completed tasks = 441]
2018-07-05 20:28:33 -Validating all active sessions...
2018-07-05 20:28:33 -Finished session validation.  [1] sessions were stopped.
2018-07-05 20:29:09 -WebSocketSession[1 current WS(1)-HttpStream(0)-HttpPoll(0), 1 total, 0 closed abnormally (0 connect failure, 0 send limit, 0 transport error)], stompSubProtocol[processed CONNECT(1)-CONNECTED(1)-DISCONNECT(0)], stompBrokerRelay[null], inboundChannel[pool size = 0, active threads = 0, queued tasks = 0, completed tasks = 9], outboundChannelpool size = 0, active threads = 0, queued tasks = 0, completed tasks = 1], sockJsScheduler[pool size = 4, active threads = 1, queued tasks = 2, completed tasks = 874]
2018-07-05 20:59:09 -WebSocketSession[1 current WS(1)-HttpStream(0)-HttpPoll(0), 1 total, 0 closed abnormally (0 connect failure, 0 send limit, 0 transport error)], stompSubProtocol[processed CONNECT(1)-CONNECTED(1)-DISCONNECT(0)], stompBrokerRelay[null], inboundChannel[pool size = 0, active threads = 0, queued tasks = 0, completed tasks = 9], outboundChannelpool size = 0, active threads = 0, queued tasks = 0, completed tasks = 1], sockJsScheduler[pool size = 4, active threads = 1, queued tasks = 2, completed tasks = 1307]
2018-07-05 21:28:33 -Validating all active sessions...
2018-07-05 21:28:33 -Finished session validation.  No sessions were stopped.
2018-07-05 21:29:09 -WebSocketSession[1 current WS(1)-HttpStream(0)-HttpPoll(0), 1 total, 0 closed abnormally (0 connect failure, 0 send limit, 0 transport error)], stompSubProtocol[processed CONNECT(1)-CONNECTED(1)-DISCONNECT(0)], stompBrokerRelay[null], inboundChannel[pool size = 0, active threads = 0, queued tasks = 0, completed tasks = 9], outboundChannelpool size = 0, active threads = 0, queued tasks = 0, completed tasks = 1], sockJsScheduler[pool size = 4, active threads = 1, queued tasks = 2, completed tasks = 1740]
2018-07-05 21:59:09 -WebSocketSession[1 current WS(1)-HttpStream(0)-HttpPoll(0), 1 total, 0 closed abnormally (0 connect failure, 0 send limit, 0 transport error)], stompSubProtocol[processed CONNECT(1)-CONNECTED(1)-DISCONNECT(0)], stompBrokerRelay[null], inboundChannel[pool size = 0, active threads = 0, queued tasks = 0, completed tasks = 9], outboundChannelpool size = 0, active threads = 0, queued tasks = 0, completed tasks = 1], sockJsScheduler[pool size = 4, active threads = 1, queued tasks = 2, completed tasks = 2173]
2018-07-05 22:28:33 -Validating all active sessions...
2018-07-05 22:28:33 -Finished session validation.  No sessions were stopped.
2018-07-05 22:29:09 -WebSocketSession[1 current WS(1)-HttpStream(0)-HttpPoll(0), 1 total, 0 closed abnormally (0 connect failure, 0 send limit, 0 transport error)], stompSubProtocol[processed CONNECT(1)-CONNECTED(1)-DISCONNECT(0)], stompBrokerRelay[null], inboundChannel[pool size = 0, active threads = 0, queued tasks = 0, completed tasks = 9], outboundChannelpool size = 0, active threads = 0, queued tasks = 0, completed tasks = 1], sockJsScheduler[pool size = 4, active threads = 1, queued tasks = 2, completed tasks = 2606]
2018-07-05 22:59:09 -WebSocketSession[1 current WS(1)-HttpStream(0)-HttpPoll(0), 1 total, 0 closed abnormally (0 connect failure, 0 send limit, 0 transport error)], stompSubProtocol[processed CONNECT(1)-CONNECTED(1)-DISCONNECT(0)], stompBrokerRelay[null], inboundChannel[pool size = 0, active threads = 0, queued tasks = 0, completed tasks = 9], outboundChannelpool size = 0, active threads = 0, queued tasks = 0, completed tasks = 1], sockJsScheduler[pool size = 4, active threads = 1, queued tasks = 2, completed tasks = 3039]
2018-07-05 23:28:33 -Validating all active sessions...
2018-07-05 23:28:33 -Finished session validation.  No sessions were stopped.
2018-07-05 23:29:09 -WebSocketSession[1 current WS(1)-HttpStream(0)-HttpPoll(0), 1 total, 0 closed abnormally (0 connect failure, 0 send limit, 0 transport error)], stompSubProtocol[processed CONNECT(1)-CONNECTED(1)-DISCONNECT(0)], stompBrokerRelay[null], inboundChannel[pool size = 0, active threads = 0, queued tasks = 0, completed tasks = 9], outboundChannelpool size = 0, active threads = 0, queued tasks = 0, completed tasks = 1], sockJsScheduler[pool size = 4, active threads = 1, queued tasks = 2, completed tasks = 3472]
2018-07-05 23:59:09 -WebSocketSession[1 current WS(1)-HttpStream(0)-HttpPoll(0), 1 total, 0 closed abnormally (0 connect failure, 0 send limit, 0 transport error)], stompSubProtocol[processed CONNECT(1)-CONNECTED(1)-DISCONNECT(0)], stompBrokerRelay[null], inboundChannel[pool size = 0, active threads = 0, queued tasks = 0, completed tasks = 9], outboundChannelpool size = 0, active threads = 0, queued tasks = 0, completed tasks = 1], sockJsScheduler[pool size = 4, active threads = 1, queued tasks = 2, completed tasks = 3905]
